Warnings:
---------
4 shift/reduce conflicts

Conflicts:
----------
Conflict in state 16 between rule 27 and token '-' resolved as reduce.
Conflict in state 16 between rule 27 and token '<' resolved as reduce.
Conflict in state 16 between rule 27 and token '+' resolved as reduce.
Conflict in state 16 between rule 27 and token '**' resolved as shift.
Conflict in state 16 between rule 27 and token '%' resolved as reduce.
Conflict in state 16 between rule 27 and token '==' resolved as reduce.
Conflict in state 16 between rule 27 and token '>=' resolved as reduce.
Conflict in state 16 between rule 27 and token '^' resolved as shift.
Conflict in state 16 between rule 27 and token ' ' resolved as reduce.
Conflict in state 16 between rule 27 and token '*' resolved as reduce.
Conflict in state 16 between rule 27 and token 'per' resolved as reduce.
Conflict in state 16 between rule 27 and token '!=' resolved as reduce.
Conflict in state 16 between rule 27 and token '?' resolved as reduce.
Conflict in state 16 between rule 27 and token '->' resolved as reduce.
Conflict in state 16 between rule 27 and token '/' resolved as reduce.
Conflict in state 16 between rule 27 and token '<=' resolved as reduce.
Conflict in state 16 between rule 27 and token '<=>' resolved as reduce.
Conflict in state 16 between rule 27 and token '>' resolved as reduce.
Conflict in state 27 between rule 24 and token NAME resolved as shift.
Conflict in state 60 between rule 45 and token '-' resolved as shift.
Conflict in state 60 between rule 45 and token '<' resolved as shift.
Conflict in state 60 between rule 45 and token '+' resolved as shift.
Conflict in state 60 between rule 45 and token '**' resolved as shift.
Conflict in state 60 between rule 45 and token '%' resolved as shift.
Conflict in state 60 between rule 45 and token '==' resolved as shift.
Conflict in state 60 between rule 45 and token '>=' resolved as shift.
Conflict in state 60 between rule 45 and token '^' resolved as shift.
Conflict in state 60 between rule 45 and token ' ' resolved as shift.
Conflict in state 60 between rule 45 and token '*' resolved as shift.
Conflict in state 60 between rule 45 and token 'per' resolved as shift.
Conflict in state 60 between rule 45 and token '!=' resolved as shift.
Conflict in state 60 between rule 45 and token '?' resolved as shift.
Conflict in state 60 between rule 45 and token '->' resolved as shift.
Conflict in state 60 between rule 45 and token '/' resolved as shift.
Conflict in state 60 between rule 45 and token '<=' resolved as shift.
Conflict in state 60 between rule 45 and token '<=>' resolved as shift.
Conflict in state 60 between rule 45 and token '>' resolved as shift.
Conflict in state 61 between rule 25 and token '-' resolved as shift.
Conflict in state 61 between rule 25 and token '<' resolved as shift.
Conflict in state 61 between rule 25 and token '+' resolved as shift.
Conflict in state 61 between rule 25 and token '**' resolved as shift.
Conflict in state 61 between rule 25 and token '%' resolved as shift.
Conflict in state 61 between rule 25 and token '==' resolved as shift.
Conflict in state 61 between rule 25 and token '>=' resolved as shift.
Conflict in state 61 between rule 25 and token '^' resolved as shift.
Conflict in state 61 between rule 25 and token ' ' resolved as shift.
Conflict in state 61 between rule 25 and token '*' resolved as shift.
Conflict in state 61 between rule 25 and token 'per' resolved as shift.
Conflict in state 61 between rule 25 and token '!=' resolved as shift.
Conflict in state 61 between rule 25 and token '?' resolved as shift.
Conflict in state 61 between rule 25 and token '->' resolved as shift.
Conflict in state 61 between rule 25 and token '/' resolved as shift.
Conflict in state 61 between rule 25 and token '<=' resolved as shift.
Conflict in state 61 between rule 25 and token '<=>' resolved as shift.
Conflict in state 61 between rule 25 and token '>' resolved as shift.
Conflict in state 63 between rule 46 and token '-' resolved as shift.
Conflict in state 63 between rule 46 and token '<' resolved as shift.
Conflict in state 63 between rule 46 and token '+' resolved as shift.
Conflict in state 63 between rule 46 and token '**' resolved as shift.
Conflict in state 63 between rule 46 and token '%' resolved as shift.
Conflict in state 63 between rule 46 and token '==' resolved as shift.
Conflict in state 63 between rule 46 and token '>=' resolved as shift.
Conflict in state 63 between rule 46 and token '^' resolved as shift.
Conflict in state 63 between rule 46 and token ' ' resolved as shift.
Conflict in state 63 between rule 46 and token '*' resolved as shift.
Conflict in state 63 between rule 46 and token 'per' resolved as shift.
Conflict in state 63 between rule 46 and token '!=' resolved as shift.
Conflict in state 63 between rule 46 and token '?' resolved as shift.
Conflict in state 63 between rule 46 and token '->' resolved as shift.
Conflict in state 63 between rule 46 and token '/' resolved as shift.
Conflict in state 63 between rule 46 and token '<=' resolved as shift.
Conflict in state 63 between rule 46 and token '<=>' resolved as shift.
Conflict in state 63 between rule 46 and token '>' resolved as shift.
Conflict in state 69 between rule 30 and token '-' resolved as reduce.
Conflict in state 69 between rule 30 and token '<' resolved as reduce.
Conflict in state 69 between rule 30 and token '+' resolved as reduce.
Conflict in state 69 between rule 30 and token '**' resolved as shift.
Conflict in state 69 between rule 30 and token '%' resolved as shift.
Conflict in state 69 between rule 30 and token '==' resolved as reduce.
Conflict in state 69 between rule 30 and token '>=' resolved as reduce.
Conflict in state 69 between rule 30 and token '^' resolved as shift.
Conflict in state 69 between rule 30 and token ' ' resolved as shift.
Conflict in state 69 between rule 30 and token '*' resolved as shift.
Conflict in state 69 between rule 30 and token 'per' resolved as shift.
Conflict in state 69 between rule 30 and token '!=' resolved as reduce.
Conflict in state 69 between rule 30 and token '?' resolved as reduce.
Conflict in state 69 between rule 30 and token '->' resolved as reduce.
Conflict in state 69 between rule 30 and token '/' resolved as shift.
Conflict in state 69 between rule 30 and token '<=' resolved as reduce.
Conflict in state 69 between rule 30 and token '<=>' resolved as reduce.
Conflict in state 69 between rule 30 and token '>' resolved as reduce.
Conflict in state 70 between rule 38 and token '-' resolved as shift.
Conflict in state 70 between rule 38 and token '<' resolved as error.
Conflict in state 70 between rule 38 and token '+' resolved as shift.
Conflict in state 70 between rule 38 and token '**' resolved as shift.
Conflict in state 70 between rule 38 and token '%' resolved as shift.
Conflict in state 70 between rule 38 and token '==' resolved as error.
Conflict in state 70 between rule 38 and token '>=' resolved as error.
Conflict in state 70 between rule 38 and token '^' resolved as shift.
Conflict in state 70 between rule 38 and token ' ' resolved as shift.
Conflict in state 70 between rule 38 and token '*' resolved as shift.
Conflict in state 70 between rule 38 and token 'per' resolved as shift.
Conflict in state 70 between rule 38 and token '!=' resolved as error.
Conflict in state 70 between rule 38 and token '?' resolved as reduce.
Conflict in state 70 between rule 38 and token '->' resolved as reduce.
Conflict in state 70 between rule 38 and token '/' resolved as shift.
Conflict in state 70 between rule 38 and token '<=' resolved as error.
Conflict in state 70 between rule 38 and token '<=>' resolved as error.
Conflict in state 70 between rule 38 and token '>' resolved as error.
Conflict in state 71 between rule 36 and token '-' resolved as reduce.
Conflict in state 71 between rule 36 and token '<' resolved as reduce.
Conflict in state 71 between rule 36 and token '+' resolved as reduce.
Conflict in state 71 between rule 36 and token '**' resolved as reduce.
Conflict in state 71 between rule 36 and token '%' resolved as reduce.
Conflict in state 71 between rule 36 and token '==' resolved as reduce.
Conflict in state 71 between rule 36 and token '>=' resolved as reduce.
Conflict in state 71 between rule 36 and token '^' resolved as reduce.
Conflict in state 71 between rule 36 and token ' ' resolved as reduce.
Conflict in state 71 between rule 36 and token '*' resolved as reduce.
Conflict in state 71 between rule 36 and token 'per' resolved as reduce.
Conflict in state 71 between rule 36 and token '!=' resolved as reduce.
Conflict in state 71 between rule 36 and token '?' resolved as reduce.
Conflict in state 71 between rule 36 and token '->' resolved as reduce.
Conflict in state 71 between rule 36 and token '/' resolved as reduce.
Conflict in state 71 between rule 36 and token '<=' resolved as reduce.
Conflict in state 71 between rule 36 and token '<=>' resolved as reduce.
Conflict in state 71 between rule 36 and token '>' resolved as reduce.
Conflict in state 72 between rule 29 and token '-' resolved as reduce.
Conflict in state 72 between rule 29 and token '<' resolved as reduce.
Conflict in state 72 between rule 29 and token '+' resolved as reduce.
Conflict in state 72 between rule 29 and token '**' resolved as shift.
Conflict in state 72 between rule 29 and token '%' resolved as shift.
Conflict in state 72 between rule 29 and token '==' resolved as reduce.
Conflict in state 72 between rule 29 and token '>=' resolved as reduce.
Conflict in state 72 between rule 29 and token '^' resolved as shift.
Conflict in state 72 between rule 29 and token ' ' resolved as shift.
Conflict in state 72 between rule 29 and token '*' resolved as shift.
Conflict in state 72 between rule 29 and token 'per' resolved as shift.
Conflict in state 72 between rule 29 and token '!=' resolved as reduce.
Conflict in state 72 between rule 29 and token '?' resolved as reduce.
Conflict in state 72 between rule 29 and token '->' resolved as reduce.
Conflict in state 72 between rule 29 and token '/' resolved as shift.
Conflict in state 72 between rule 29 and token '<=' resolved as reduce.
Conflict in state 72 between rule 29 and token '<=>' resolved as reduce.
Conflict in state 72 between rule 29 and token '>' resolved as reduce.
Conflict in state 73 between rule 34 and token '-' resolved as reduce.
Conflict in state 73 between rule 34 and token '<' resolved as reduce.
Conflict in state 73 between rule 34 and token '+' resolved as reduce.
Conflict in state 73 between rule 34 and token '**' resolved as shift.
Conflict in state 73 between rule 34 and token '%' resolved as reduce.
Conflict in state 73 between rule 34 and token '==' resolved as reduce.
Conflict in state 73 between rule 34 and token '>=' resolved as reduce.
Conflict in state 73 between rule 34 and token '^' resolved as shift.
Conflict in state 73 between rule 34 and token ' ' resolved as reduce.
Conflict in state 73 between rule 34 and token '*' resolved as reduce.
Conflict in state 73 between rule 34 and token 'per' resolved as reduce.
Conflict in state 73 between rule 34 and token '!=' resolved as reduce.
Conflict in state 73 between rule 34 and token '?' resolved as reduce.
Conflict in state 73 between rule 34 and token '->' resolved as reduce.
Conflict in state 73 between rule 34 and token '/' resolved as reduce.
Conflict in state 73 between rule 34 and token '<=' resolved as reduce.
Conflict in state 73 between rule 34 and token '<=>' resolved as reduce.
Conflict in state 73 between rule 34 and token '>' resolved as reduce.
Conflict in state 74 between rule 42 and token '-' resolved as shift.
Conflict in state 74 between rule 42 and token '<' resolved as error.
Conflict in state 74 between rule 42 and token '+' resolved as shift.
Conflict in state 74 between rule 42 and token '**' resolved as shift.
Conflict in state 74 between rule 42 and token '%' resolved as shift.
Conflict in state 74 between rule 42 and token '==' resolved as error.
Conflict in state 74 between rule 42 and token '>=' resolved as error.
Conflict in state 74 between rule 42 and token '^' resolved as shift.
Conflict in state 74 between rule 42 and token ' ' resolved as shift.
Conflict in state 74 between rule 42 and token '*' resolved as shift.
Conflict in state 74 between rule 42 and token 'per' resolved as shift.
Conflict in state 74 between rule 42 and token '!=' resolved as error.
Conflict in state 74 between rule 42 and token '?' resolved as reduce.
Conflict in state 74 between rule 42 and token '->' resolved as reduce.
Conflict in state 74 between rule 42 and token '/' resolved as shift.
Conflict in state 74 between rule 42 and token '<=' resolved as error.
Conflict in state 74 between rule 42 and token '<=>' resolved as error.
Conflict in state 74 between rule 42 and token '>' resolved as error.
Conflict in state 75 between rule 41 and token '-' resolved as shift.
Conflict in state 75 between rule 41 and token '<' resolved as error.
Conflict in state 75 between rule 41 and token '+' resolved as shift.
Conflict in state 75 between rule 41 and token '**' resolved as shift.
Conflict in state 75 between rule 41 and token '%' resolved as shift.
Conflict in state 75 between rule 41 and token '==' resolved as error.
Conflict in state 75 between rule 41 and token '>=' resolved as error.
Conflict in state 75 between rule 41 and token '^' resolved as shift.
Conflict in state 75 between rule 41 and token ' ' resolved as shift.
Conflict in state 75 between rule 41 and token '*' resolved as shift.
Conflict in state 75 between rule 41 and token 'per' resolved as shift.
Conflict in state 75 between rule 41 and token '!=' resolved as error.
Conflict in state 75 between rule 41 and token '?' resolved as reduce.
Conflict in state 75 between rule 41 and token '->' resolved as reduce.
Conflict in state 75 between rule 41 and token '/' resolved as shift.
Conflict in state 75 between rule 41 and token '<=' resolved as error.
Conflict in state 75 between rule 41 and token '<=>' resolved as error.
Conflict in state 75 between rule 41 and token '>' resolved as error.
Conflict in state 76 between rule 35 and token '-' resolved as reduce.
Conflict in state 76 between rule 35 and token '<' resolved as reduce.
Conflict in state 76 between rule 35 and token '+' resolved as reduce.
Conflict in state 76 between rule 35 and token '**' resolved as reduce.
Conflict in state 76 between rule 35 and token '%' resolved as reduce.
Conflict in state 76 between rule 35 and token '==' resolved as reduce.
Conflict in state 76 between rule 35 and token '>=' resolved as reduce.
Conflict in state 76 between rule 35 and token '^' resolved as reduce.
Conflict in state 76 between rule 35 and token ' ' resolved as reduce.
Conflict in state 76 between rule 35 and token '*' resolved as reduce.
Conflict in state 76 between rule 35 and token 'per' resolved as reduce.
Conflict in state 76 between rule 35 and token '!=' resolved as reduce.
Conflict in state 76 between rule 35 and token '?' resolved as reduce.
Conflict in state 76 between rule 35 and token '->' resolved as reduce.
Conflict in state 76 between rule 35 and token '/' resolved as reduce.
Conflict in state 76 between rule 35 and token '<=' resolved as reduce.
Conflict in state 76 between rule 35 and token '<=>' resolved as reduce.
Conflict in state 76 between rule 35 and token '>' resolved as reduce.
Conflict in state 77 between rule 28 and token '-' resolved as reduce.
Conflict in state 77 between rule 28 and token '<' resolved as reduce.
Conflict in state 77 between rule 28 and token '+' resolved as reduce.
Conflict in state 77 between rule 28 and token '**' resolved as shift.
Conflict in state 77 between rule 28 and token '%' resolved as reduce.
Conflict in state 77 between rule 28 and token '==' resolved as reduce.
Conflict in state 77 between rule 28 and token '>=' resolved as reduce.
Conflict in state 77 between rule 28 and token '^' resolved as shift.
Conflict in state 77 between rule 28 and token ' ' resolved as reduce.
Conflict in state 77 between rule 28 and token '*' resolved as reduce.
Conflict in state 77 between rule 28 and token 'per' resolved as reduce.
Conflict in state 77 between rule 28 and token '!=' resolved as reduce.
Conflict in state 77 between rule 28 and token '?' resolved as reduce.
Conflict in state 77 between rule 28 and token '->' resolved as reduce.
Conflict in state 77 between rule 28 and token '/' resolved as reduce.
Conflict in state 77 between rule 28 and token '<=' resolved as reduce.
Conflict in state 77 between rule 28 and token '<=>' resolved as reduce.
Conflict in state 77 between rule 28 and token '>' resolved as reduce.
Conflict in state 78 between rule 31 and token '-' resolved as reduce.
Conflict in state 78 between rule 31 and token '<' resolved as reduce.
Conflict in state 78 between rule 31 and token '+' resolved as reduce.
Conflict in state 78 between rule 31 and token '**' resolved as shift.
Conflict in state 78 between rule 31 and token '%' resolved as reduce.
Conflict in state 78 between rule 31 and token '==' resolved as reduce.
Conflict in state 78 between rule 31 and token '>=' resolved as reduce.
Conflict in state 78 between rule 31 and token '^' resolved as shift.
Conflict in state 78 between rule 31 and token ' ' resolved as reduce.
Conflict in state 78 between rule 31 and token '*' resolved as reduce.
Conflict in state 78 between rule 31 and token 'per' resolved as reduce.
Conflict in state 78 between rule 31 and token '!=' resolved as reduce.
Conflict in state 78 between rule 31 and token '?' resolved as reduce.
Conflict in state 78 between rule 31 and token '->' resolved as reduce.
Conflict in state 78 between rule 31 and token '/' resolved as reduce.
Conflict in state 78 between rule 31 and token '<=' resolved as reduce.
Conflict in state 78 between rule 31 and token '<=>' resolved as reduce.
Conflict in state 78 between rule 31 and token '>' resolved as reduce.
Conflict in state 79 between rule 33 and token '-' resolved as reduce.
Conflict in state 79 between rule 33 and token '<' resolved as reduce.
Conflict in state 79 between rule 33 and token '+' resolved as reduce.
Conflict in state 79 between rule 33 and token '**' resolved as shift.
Conflict in state 79 between rule 33 and token '%' resolved as shift.
Conflict in state 79 between rule 33 and token '==' resolved as reduce.
Conflict in state 79 between rule 33 and token '>=' resolved as reduce.
Conflict in state 79 between rule 33 and token '^' resolved as shift.
Conflict in state 79 between rule 33 and token ' ' resolved as shift.
Conflict in state 79 between rule 33 and token '*' resolved as shift.
Conflict in state 79 between rule 33 and token 'per' resolved as reduce.
Conflict in state 79 between rule 33 and token '!=' resolved as reduce.
Conflict in state 79 between rule 33 and token '?' resolved as reduce.
Conflict in state 79 between rule 33 and token '->' resolved as reduce.
Conflict in state 79 between rule 33 and token '/' resolved as shift.
Conflict in state 79 between rule 33 and token '<=' resolved as reduce.
Conflict in state 79 between rule 33 and token '<=>' resolved as reduce.
Conflict in state 79 between rule 33 and token '>' resolved as reduce.
Conflict in state 81 between rule 44 and token '-' resolved as shift.
Conflict in state 81 between rule 44 and token '<' resolved as error.
Conflict in state 81 between rule 44 and token '+' resolved as shift.
Conflict in state 81 between rule 44 and token '**' resolved as shift.
Conflict in state 81 between rule 44 and token '%' resolved as shift.
Conflict in state 81 between rule 44 and token '==' resolved as error.
Conflict in state 81 between rule 44 and token '>=' resolved as error.
Conflict in state 81 between rule 44 and token '^' resolved as shift.
Conflict in state 81 between rule 44 and token ' ' resolved as shift.
Conflict in state 81 between rule 44 and token '*' resolved as shift.
Conflict in state 81 between rule 44 and token 'per' resolved as shift.
Conflict in state 81 between rule 44 and token '!=' resolved as error.
Conflict in state 81 between rule 44 and token '?' resolved as reduce.
Conflict in state 81 between rule 44 and token '->' resolved as reduce.
Conflict in state 81 between rule 44 and token '/' resolved as shift.
Conflict in state 81 between rule 44 and token '<=' resolved as error.
Conflict in state 81 between rule 44 and token '<=>' resolved as error.
Conflict in state 81 between rule 44 and token '>' resolved as error.
Conflict in state 84 between rule 52 and token '-' resolved as shift.
Conflict in state 84 between rule 52 and token '<' resolved as shift.
Conflict in state 84 between rule 52 and token '+' resolved as shift.
Conflict in state 84 between rule 52 and token '**' resolved as shift.
Conflict in state 84 between rule 52 and token '%' resolved as shift.
Conflict in state 84 between rule 52 and token '==' resolved as shift.
Conflict in state 84 between rule 52 and token '>=' resolved as shift.
Conflict in state 84 between rule 52 and token '^' resolved as shift.
Conflict in state 84 between rule 52 and token ' ' resolved as shift.
Conflict in state 84 between rule 52 and token '*' resolved as shift.
Conflict in state 84 between rule 52 and token 'per' resolved as shift.
Conflict in state 84 between rule 52 and token '!=' resolved as shift.
Conflict in state 84 between rule 52 and token '?' resolved as shift.
Conflict in state 84 between rule 52 and token '->' resolved as reduce.
Conflict in state 84 between rule 52 and token '/' resolved as shift.
Conflict in state 84 between rule 52 and token '<=' resolved as shift.
Conflict in state 84 between rule 52 and token '<=>' resolved as shift.
Conflict in state 84 between rule 52 and token '>' resolved as shift.
Conflict in state 85 between rule 32 and token '-' resolved as reduce.
Conflict in state 85 between rule 32 and token '<' resolved as reduce.
Conflict in state 85 between rule 32 and token '+' resolved as reduce.
Conflict in state 85 between rule 32 and token '**' resolved as shift.
Conflict in state 85 between rule 32 and token '%' resolved as reduce.
Conflict in state 85 between rule 32 and token '==' resolved as reduce.
Conflict in state 85 between rule 32 and token '>=' resolved as reduce.
Conflict in state 85 between rule 32 and token '^' resolved as shift.
Conflict in state 85 between rule 32 and token ' ' resolved as reduce.
Conflict in state 85 between rule 32 and token '*' resolved as reduce.
Conflict in state 85 between rule 32 and token 'per' resolved as reduce.
Conflict in state 85 between rule 32 and token '!=' resolved as reduce.
Conflict in state 85 between rule 32 and token '?' resolved as reduce.
Conflict in state 85 between rule 32 and token '->' resolved as reduce.
Conflict in state 85 between rule 32 and token '/' resolved as reduce.
Conflict in state 85 between rule 32 and token '<=' resolved as reduce.
Conflict in state 85 between rule 32 and token '<=>' resolved as reduce.
Conflict in state 85 between rule 32 and token '>' resolved as reduce.
Conflict in state 86 between rule 40 and token '-' resolved as shift.
Conflict in state 86 between rule 40 and token '<' resolved as error.
Conflict in state 86 between rule 40 and token '+' resolved as shift.
Conflict in state 86 between rule 40 and token '**' resolved as shift.
Conflict in state 86 between rule 40 and token '%' resolved as shift.
Conflict in state 86 between rule 40 and token '==' resolved as error.
Conflict in state 86 between rule 40 and token '>=' resolved as error.
Conflict in state 86 between rule 40 and token '^' resolved as shift.
Conflict in state 86 between rule 40 and token ' ' resolved as shift.
Conflict in state 86 between rule 40 and token '*' resolved as shift.
Conflict in state 86 between rule 40 and token 'per' resolved as shift.
Conflict in state 86 between rule 40 and token '!=' resolved as error.
Conflict in state 86 between rule 40 and token '?' resolved as reduce.
Conflict in state 86 between rule 40 and token '->' resolved as reduce.
Conflict in state 86 between rule 40 and token '/' resolved as shift.
Conflict in state 86 between rule 40 and token '<=' resolved as error.
Conflict in state 86 between rule 40 and token '<=>' resolved as error.
Conflict in state 86 between rule 40 and token '>' resolved as error.
Conflict in state 87 between rule 43 and token '-' resolved as shift.
Conflict in state 87 between rule 43 and token '<' resolved as error.
Conflict in state 87 between rule 43 and token '+' resolved as shift.
Conflict in state 87 between rule 43 and token '**' resolved as shift.
Conflict in state 87 between rule 43 and token '%' resolved as shift.
Conflict in state 87 between rule 43 and token '==' resolved as error.
Conflict in state 87 between rule 43 and token '>=' resolved as error.
Conflict in state 87 between rule 43 and token '^' resolved as shift.
Conflict in state 87 between rule 43 and token ' ' resolved as shift.
Conflict in state 87 between rule 43 and token '*' resolved as shift.
Conflict in state 87 between rule 43 and token 'per' resolved as shift.
Conflict in state 87 between rule 43 and token '!=' resolved as error.
Conflict in state 87 between rule 43 and token '?' resolved as reduce.
Conflict in state 87 between rule 43 and token '->' resolved as reduce.
Conflict in state 87 between rule 43 and token '/' resolved as shift.
Conflict in state 87 between rule 43 and token '<=' resolved as error.
Conflict in state 87 between rule 43 and token '<=>' resolved as error.
Conflict in state 87 between rule 43 and token '>' resolved as error.
Conflict in state 88 between rule 39 and token '-' resolved as shift.
Conflict in state 88 between rule 39 and token '<' resolved as error.
Conflict in state 88 between rule 39 and token '+' resolved as shift.
Conflict in state 88 between rule 39 and token '**' resolved as shift.
Conflict in state 88 between rule 39 and token '%' resolved as shift.
Conflict in state 88 between rule 39 and token '==' resolved as error.
Conflict in state 88 between rule 39 and token '>=' resolved as error.
Conflict in state 88 between rule 39 and token '^' resolved as shift.
Conflict in state 88 between rule 39 and token ' ' resolved as shift.
Conflict in state 88 between rule 39 and token '*' resolved as shift.
Conflict in state 88 between rule 39 and token 'per' resolved as shift.
Conflict in state 88 between rule 39 and token '!=' resolved as error.
Conflict in state 88 between rule 39 and token '?' resolved as reduce.
Conflict in state 88 between rule 39 and token '->' resolved as reduce.
Conflict in state 88 between rule 39 and token '/' resolved as shift.
Conflict in state 88 between rule 39 and token '<=' resolved as error.
Conflict in state 88 between rule 39 and token '<=>' resolved as error.
Conflict in state 88 between rule 39 and token '>' resolved as error.
Conflict in state 108 between rule 37 and token '-' resolved as shift.
Conflict in state 108 between rule 37 and token '<' resolved as shift.
Conflict in state 108 between rule 37 and token '+' resolved as shift.
Conflict in state 108 between rule 37 and token '**' resolved as shift.
Conflict in state 108 between rule 37 and token '%' resolved as shift.
Conflict in state 108 between rule 37 and token '==' resolved as shift.
Conflict in state 108 between rule 37 and token '>=' resolved as shift.
Conflict in state 108 between rule 37 and token '^' resolved as shift.
Conflict in state 108 between rule 37 and token ' ' resolved as shift.
Conflict in state 108 between rule 37 and token '*' resolved as shift.
Conflict in state 108 between rule 37 and token 'per' resolved as shift.
Conflict in state 108 between rule 37 and token '!=' resolved as shift.
Conflict in state 108 between rule 37 and token '?' resolved as shift.
Conflict in state 108 between rule 37 and token '->' resolved as reduce.
Conflict in state 108 between rule 37 and token '/' resolved as shift.
Conflict in state 108 between rule 37 and token '<=' resolved as shift.
Conflict in state 108 between rule 37 and token '<=>' resolved as shift.
Conflict in state 108 between rule 37 and token '>' resolved as shift.
Conflict in state 110 between rule 47 and token '-' resolved as shift.
Conflict in state 110 between rule 47 and token '<' resolved as shift.
Conflict in state 110 between rule 47 and token '+' resolved as shift.
Conflict in state 110 between rule 47 and token '**' resolved as shift.
Conflict in state 110 between rule 47 and token '%' resolved as shift.
Conflict in state 110 between rule 47 and token '==' resolved as shift.
Conflict in state 110 between rule 47 and token '>=' resolved as shift.
Conflict in state 110 between rule 47 and token '^' resolved as shift.
Conflict in state 110 between rule 47 and token ' ' resolved as shift.
Conflict in state 110 between rule 47 and token '*' resolved as shift.
Conflict in state 110 between rule 47 and token 'per' resolved as shift.
Conflict in state 110 between rule 47 and token '!=' resolved as shift.
Conflict in state 110 between rule 47 and token '?' resolved as shift.
Conflict in state 110 between rule 47 and token '->' resolved as shift.
Conflict in state 110 between rule 47 and token '/' resolved as shift.
Conflict in state 110 between rule 47 and token '<=' resolved as shift.
Conflict in state 110 between rule 47 and token '<=>' resolved as shift.
Conflict in state 110 between rule 47 and token '>' resolved as shift.
Conflict in state 112 between rule 51 and token '-' resolved as shift.
Conflict in state 112 between rule 51 and token '<' resolved as shift.
Conflict in state 112 between rule 51 and token '+' resolved as shift.
Conflict in state 112 between rule 51 and token '**' resolved as shift.
Conflict in state 112 between rule 51 and token '%' resolved as shift.
Conflict in state 112 between rule 51 and token '==' resolved as shift.
Conflict in state 112 between rule 51 and token '>=' resolved as shift.
Conflict in state 112 between rule 51 and token '^' resolved as shift.
Conflict in state 112 between rule 51 and token ' ' resolved as shift.
Conflict in state 112 between rule 51 and token '*' resolved as shift.
Conflict in state 112 between rule 51 and token 'per' resolved as shift.
Conflict in state 112 between rule 51 and token '!=' resolved as shift.
Conflict in state 112 between rule 51 and token '?' resolved as shift.
Conflict in state 112 between rule 51 and token '->' resolved as shift.
Conflict in state 112 between rule 51 and token '/' resolved as shift.
Conflict in state 112 between rule 51 and token '<=' resolved as shift.
Conflict in state 112 between rule 51 and token '<=>' resolved as shift.
Conflict in state 112 between rule 51 and token '>' resolved as shift.
State 15 contains 1 shift/reduce conflict
State 26 contains 1 shift/reduce conflict
State 27 contains 2 shift/reduce conflicts

Rules:
------
0:	$start -> stma $end
1:	stma -> /* empty */
2:	stma -> stmt
3:	stma -> stmt ';' stma
4:	stmt -> expr
5:	stmt -> 'var' NAME
6:	stmt -> 'var' assignexpr
7:	stmt -> NAME ':=' expr
8:	stmt -> expr ':->' expr
9:	stmt -> NAME '=!=' NAME
10:	stmt -> expr '|||' NAME
11:	array -> expr ',' array
12:	array -> expr
13:	argelement -> NAME 'isa' NAME '=' expr
14:	argelement -> NAME 'isa' NAME
15:	argelement -> NAME '=' expr
16:	argelement -> NAME
17:	arglist -> argelement ',' arglist
18:	arglist -> argelement
19:	exprval -> NUMBER
20:	exprval -> NAME
21:	exprval -> '(' expr ')'
22:	exprval -> NAME '[' array ']'
23:	exprval -> NAME '|' array '|'
24:	exprval -> exprval exprval
25:	assignexpr -> NAME '=' expr
26:	expr -> exprval
27:	expr -> '-' expr
28:	expr -> expr ' ' expr
29:	expr -> expr '+' expr
30:	expr -> expr '-' expr
31:	expr -> expr '*' expr
32:	expr -> expr '/' expr
33:	expr -> expr 'per' expr
34:	expr -> expr '%' expr
35:	expr -> expr '^' expr
36:	expr -> expr '**' expr
37:	expr -> expr '?' expr ':' expr
38:	expr -> expr '<' expr
39:	expr -> expr '>' expr
40:	expr -> expr '<=' expr
41:	expr -> expr '>=' expr
42:	expr -> expr '==' expr
43:	expr -> expr '<=>' expr
44:	expr -> expr '!=' expr
45:	expr -> NAME '::-' expr
46:	expr -> NAME ':-' expr
47:	expr -> NAME '{' arglist '}' ':=' expr
48:	expr -> NAME '{' arglist '}' ':=' '{' stma '}'
49:	expr -> '[' array ']'
50:	expr -> '{' '|' arglist '|' expr '}'
51:	expr -> NAME '|' array '|' '=' expr
52:	expr -> expr '->' expr
53:	expr -> DATE
54:	expr -> STRING
55:	expr -> assignexpr

States:
-------
State 0:

	$start -> . stma $end	(Rule 0)

	'('	shift, and go to state 11
	'-'	shift, and go to state 1
	'['	shift, and go to state 13
	'var'	shift, and go to state 6
	'{'	shift, and go to state 7
	DATE	shift, and go to state 4
	NAME	shift, and go to state 2
	NUMBER	shift, and go to state 14
	STRING	shift, and go to state 9

	$default	reduce using rule 1 (stma)

	stmt	go to state 10
	expr	go to state 12
	stma	go to state 3
	exprval	go to state 5
	assignexpr	go to state 8

State 1:

	expr -> '-' . expr	(Rule 27)

	'('	shift, and go to state 11
	'-'	shift, and go to state 1
	'['	shift, and go to state 13
	'{'	shift, and go to state 7
	DATE	shift, and go to state 4
	NAME	shift, and go to state 15
	NUMBER	shift, and go to state 14
	STRING	shift, and go to state 9

	expr	go to state 16
	exprval	go to state 5
	assignexpr	go to state 8

State 2:

	stmt -> NAME . ':=' expr	(Rule 7)
	stmt -> NAME . '=!=' NAME	(Rule 9)
	exprval -> NAME .	(Rule 20)
	exprval -> NAME . '[' array ']'	(Rule 22)
	exprval -> NAME . '|' array '|'	(Rule 23)
	assignexpr -> NAME . '=' expr	(Rule 25)
	expr -> NAME . '::-' expr	(Rule 45)
	expr -> NAME . ':-' expr	(Rule 46)
	expr -> NAME . '{' arglist '}' ':=' expr	(Rule 47)
	expr -> NAME . '{' arglist '}' ':=' '{' stma '}'	(Rule 48)
	expr -> NAME . '|' array '|' '=' expr	(Rule 51)

	':-'	shift, and go to state 23
	'::-'	shift, and go to state 20
	':='	shift, and go to state 17
	'=!='	shift, and go to state 19
	'='	shift, and go to state 21
	'['	shift, and go to state 24
	'{'	shift, and go to state 18
	'|'	shift, and go to state 22

	$default	reduce using rule 20 (exprval)

State 3:

	$start -> stma . $end	(Rule 0)

	$end	shift, and go to state 25

State 4:

	expr -> DATE .	(Rule 53)

	$default	reduce using rule 53 (expr)

State 5:

	exprval -> exprval . exprval	(Rule 24)
	expr -> exprval .	(Rule 26)

	'('	shift, and go to state 11
	NAME	shift, and go to state 26
	NUMBER	shift, and go to state 14

	$default	reduce using rule 26 (expr)

	exprval	go to state 27

State 6:

	stmt -> 'var' . NAME	(Rule 5)
	stmt -> 'var' . assignexpr	(Rule 6)

	NAME	shift, and go to state 28

	assignexpr	go to state 29

State 7:

	expr -> '{' . '|' arglist '|' expr '}'	(Rule 50)

	'|'	shift, and go to state 30

State 8:

	expr -> assignexpr .	(Rule 55)

	$default	reduce using rule 55 (expr)

State 9:

	expr -> STRING .	(Rule 54)

	$default	reduce using rule 54 (expr)

State 10:

	stma -> stmt .	(Rule 2)
	stma -> stmt . ';' stma	(Rule 3)

	';'	shift, and go to state 31

	$default	reduce using rule 2 (stma)

State 11:

	exprval -> '(' . expr ')'	(Rule 21)

	'('	shift, and go to state 11
	'-'	shift, and go to state 1
	'['	shift, and go to state 13
	'{'	shift, and go to state 7
	DATE	shift, and go to state 4
	NAME	shift, and go to state 15
	NUMBER	shift, and go to state 14
	STRING	shift, and go to state 9

	expr	go to state 32
	exprval	go to state 5
	assignexpr	go to state 8

State 12:

	stmt -> expr .	(Rule 4)
	stmt -> expr . ':->' expr	(Rule 8)
	stmt -> expr . '|||' NAME	(Rule 10)
	expr -> expr . ' ' expr	(Rule 28)
	expr -> expr . '+' expr	(Rule 29)
	expr -> expr . '-' expr	(Rule 30)
	expr -> expr . '*' expr	(Rule 31)
	expr -> expr . '/' expr	(Rule 32)
	expr -> expr . 'per' expr	(Rule 33)
	expr -> expr . '%' expr	(Rule 34)
	expr -> expr . '^' expr	(Rule 35)
	expr -> expr . '**' expr	(Rule 36)
	expr -> expr . '?' expr ':' expr	(Rule 37)
	expr -> expr . '<' expr	(Rule 38)
	expr -> expr . '>' expr	(Rule 39)
	expr -> expr . '<=' expr	(Rule 40)
	expr -> expr . '>=' expr	(Rule 41)
	expr -> expr . '==' expr	(Rule 42)
	expr -> expr . '<=>' expr	(Rule 43)
	expr -> expr . '!=' expr	(Rule 44)
	expr -> expr . '->' expr	(Rule 52)

	' '	shift, and go to state 41
	'!='	shift, and go to state 45
	'%'	shift, and go to state 37
	'*'	shift, and go to state 42
	'**'	shift, and go to state 35
	'+'	shift, and go to state 36
	'-'	shift, and go to state 33
	'->'	shift, and go to state 48
	'/'	shift, and go to state 49
	':->'	shift, and go to state 44
	'<'	shift, and go to state 34
	'<='	shift, and go to state 50
	'<=>'	shift, and go to state 51
	'=='	shift, and go to state 38
	'>'	shift, and go to state 52
	'>='	shift, and go to state 39
	'?'	shift, and go to state 47
	'^'	shift, and go to state 40
	'per'	shift, and go to state 43
	'|||'	shift, and go to state 46

	$default	reduce using rule 4 (stmt)

State 13:

	expr -> '[' . array ']'	(Rule 49)

	'('	shift, and go to state 11
	'-'	shift, and go to state 1
	'['	shift, and go to state 13
	'{'	shift, and go to state 7
	DATE	shift, and go to state 4
	NAME	shift, and go to state 15
	NUMBER	shift, and go to state 14
	STRING	shift, and go to state 9

	array	go to state 53
	expr	go to state 54
	exprval	go to state 5
	assignexpr	go to state 8

State 14:

	exprval -> NUMBER .	(Rule 19)

	$default	reduce using rule 19 (exprval)

State 15:

	exprval -> NAME .	(Rule 20)
	exprval -> NAME . '[' array ']'	(Rule 22)
	exprval -> NAME . '|' array '|'	(Rule 23)
	assignexpr -> NAME . '=' expr	(Rule 25)
	expr -> NAME . '::-' expr	(Rule 45)
	expr -> NAME . ':-' expr	(Rule 46)
	expr -> NAME . '{' arglist '}' ':=' expr	(Rule 47)
	expr -> NAME . '{' arglist '}' ':=' '{' stma '}'	(Rule 48)
	expr -> NAME . '|' array '|' '=' expr	(Rule 51)

	':-'	shift, and go to state 23
	'::-'	shift, and go to state 20
	'='	shift, and go to state 21
	'['	shift, and go to state 24
	'{'	shift, and go to state 18
	'|'	shift, and go to state 22

	'|'	[reduce using rule 20 (exprval)]
	$default	reduce using rule 20 (exprval)

State 16:

	expr -> '-' expr .	(Rule 27)
	expr -> expr . ' ' expr	(Rule 28)
	expr -> expr . '+' expr	(Rule 29)
	expr -> expr . '-' expr	(Rule 30)
	expr -> expr . '*' expr	(Rule 31)
	expr -> expr . '/' expr	(Rule 32)
	expr -> expr . 'per' expr	(Rule 33)
	expr -> expr . '%' expr	(Rule 34)
	expr -> expr . '^' expr	(Rule 35)
	expr -> expr . '**' expr	(Rule 36)
	expr -> expr . '?' expr ':' expr	(Rule 37)
	expr -> expr . '<' expr	(Rule 38)
	expr -> expr . '>' expr	(Rule 39)
	expr -> expr . '<=' expr	(Rule 40)
	expr -> expr . '>=' expr	(Rule 41)
	expr -> expr . '==' expr	(Rule 42)
	expr -> expr . '<=>' expr	(Rule 43)
	expr -> expr . '!=' expr	(Rule 44)
	expr -> expr . '->' expr	(Rule 52)

	'**'	shift, and go to state 35
	'^'	shift, and go to state 40

	$default	reduce using rule 27 (expr)

State 17:

	stmt -> NAME ':=' . expr	(Rule 7)

	'('	shift, and go to state 11
	'-'	shift, and go to state 1
	'['	shift, and go to state 13
	'{'	shift, and go to state 7
	DATE	shift, and go to state 4
	NAME	shift, and go to state 15
	NUMBER	shift, and go to state 14
	STRING	shift, and go to state 9

	expr	go to state 55
	exprval	go to state 5
	assignexpr	go to state 8

State 18:

	expr -> NAME '{' . arglist '}' ':=' expr	(Rule 47)
	expr -> NAME '{' . arglist '}' ':=' '{' stma '}'	(Rule 48)

	NAME	shift, and go to state 57

	arglist	go to state 58
	argelement	go to state 56

State 19:

	stmt -> NAME '=!=' . NAME	(Rule 9)

	NAME	shift, and go to state 59

State 20:

	expr -> NAME '::-' . expr	(Rule 45)

	'('	shift, and go to state 11
	'-'	shift, and go to state 1
	'['	shift, and go to state 13
	'{'	shift, and go to state 7
	DATE	shift, and go to state 4
	NAME	shift, and go to state 15
	NUMBER	shift, and go to state 14
	STRING	shift, and go to state 9

	expr	go to state 60
	exprval	go to state 5
	assignexpr	go to state 8

State 21:

	assignexpr -> NAME '=' . expr	(Rule 25)

	'('	shift, and go to state 11
	'-'	shift, and go to state 1
	'['	shift, and go to state 13
	'{'	shift, and go to state 7
	DATE	shift, and go to state 4
	NAME	shift, and go to state 15
	NUMBER	shift, and go to state 14
	STRING	shift, and go to state 9

	expr	go to state 61
	exprval	go to state 5
	assignexpr	go to state 8

State 22:

	exprval -> NAME '|' . array '|'	(Rule 23)
	expr -> NAME '|' . array '|' '=' expr	(Rule 51)

	'('	shift, and go to state 11
	'-'	shift, and go to state 1
	'['	shift, and go to state 13
	'{'	shift, and go to state 7
	DATE	shift, and go to state 4
	NAME	shift, and go to state 15
	NUMBER	shift, and go to state 14
	STRING	shift, and go to state 9

	array	go to state 62
	expr	go to state 54
	exprval	go to state 5
	assignexpr	go to state 8

State 23:

	expr -> NAME ':-' . expr	(Rule 46)

	'('	shift, and go to state 11
	'-'	shift, and go to state 1
	'['	shift, and go to state 13
	'{'	shift, and go to state 7
	DATE	shift, and go to state 4
	NAME	shift, and go to state 15
	NUMBER	shift, and go to state 14
	STRING	shift, and go to state 9

	expr	go to state 63
	exprval	go to state 5
	assignexpr	go to state 8

State 24:

	exprval -> NAME '[' . array ']'	(Rule 22)

	'('	shift, and go to state 11
	'-'	shift, and go to state 1
	'['	shift, and go to state 13
	'{'	shift, and go to state 7
	DATE	shift, and go to state 4
	NAME	shift, and go to state 15
	NUMBER	shift, and go to state 14
	STRING	shift, and go to state 9

	array	go to state 64
	expr	go to state 54
	exprval	go to state 5
	assignexpr	go to state 8

State 25:

	$start -> stma $end .	(Rule 0)

	$default	accept

State 26:

	exprval -> NAME .	(Rule 20)
	exprval -> NAME . '[' array ']'	(Rule 22)
	exprval -> NAME . '|' array '|'	(Rule 23)

	'['	shift, and go to state 24
	'|'	shift, and go to state 65

	'|'	[reduce using rule 20 (exprval)]
	$default	reduce using rule 20 (exprval)

State 27:

	exprval -> exprval . exprval	(Rule 24)
	exprval -> exprval exprval .	(Rule 24)

	'('	shift, and go to state 11
	NAME	shift, and go to state 26
	NUMBER	shift, and go to state 14

	'('	[reduce using rule 24 (exprval)]
	NUMBER	[reduce using rule 24 (exprval)]
	$default	reduce using rule 24 (exprval)

	exprval	go to state 27

State 28:

	stmt -> 'var' NAME .	(Rule 5)
	assignexpr -> NAME . '=' expr	(Rule 25)

	'='	shift, and go to state 21

	$default	reduce using rule 5 (stmt)

State 29:

	stmt -> 'var' assignexpr .	(Rule 6)

	$default	reduce using rule 6 (stmt)

State 30:

	expr -> '{' '|' . arglist '|' expr '}'	(Rule 50)

	NAME	shift, and go to state 57

	arglist	go to state 66
	argelement	go to state 56

State 31:

	stma -> stmt ';' . stma	(Rule 3)

	'('	shift, and go to state 11
	'-'	shift, and go to state 1
	'['	shift, and go to state 13
	'var'	shift, and go to state 6
	'{'	shift, and go to state 7
	DATE	shift, and go to state 4
	NAME	shift, and go to state 2
	NUMBER	shift, and go to state 14
	STRING	shift, and go to state 9

	$default	reduce using rule 1 (stma)

	stmt	go to state 10
	stma	go to state 67
	expr	go to state 12
	exprval	go to state 5
	assignexpr	go to state 8

State 32:

	exprval -> '(' expr . ')'	(Rule 21)
	expr -> expr . ' ' expr	(Rule 28)
	expr -> expr . '+' expr	(Rule 29)
	expr -> expr . '-' expr	(Rule 30)
	expr -> expr . '*' expr	(Rule 31)
	expr -> expr . '/' expr	(Rule 32)
	expr -> expr . 'per' expr	(Rule 33)
	expr -> expr . '%' expr	(Rule 34)
	expr -> expr . '^' expr	(Rule 35)
	expr -> expr . '**' expr	(Rule 36)
	expr -> expr . '?' expr ':' expr	(Rule 37)
	expr -> expr . '<' expr	(Rule 38)
	expr -> expr . '>' expr	(Rule 39)
	expr -> expr . '<=' expr	(Rule 40)
	expr -> expr . '>=' expr	(Rule 41)
	expr -> expr . '==' expr	(Rule 42)
	expr -> expr . '<=>' expr	(Rule 43)
	expr -> expr . '!=' expr	(Rule 44)
	expr -> expr . '->' expr	(Rule 52)

	' '	shift, and go to state 41
	'!='	shift, and go to state 45
	'%'	shift, and go to state 37
	')'	shift, and go to state 68
	'*'	shift, and go to state 42
	'**'	shift, and go to state 35
	'+'	shift, and go to state 36
	'-'	shift, and go to state 33
	'->'	shift, and go to state 48
	'/'	shift, and go to state 49
	'<'	shift, and go to state 34
	'<='	shift, and go to state 50
	'<=>'	shift, and go to state 51
	'=='	shift, and go to state 38
	'>'	shift, and go to state 52
	'>='	shift, and go to state 39
	'?'	shift, and go to state 47
	'^'	shift, and go to state 40
	'per'	shift, and go to state 43

State 33:

	expr -> expr '-' . expr	(Rule 30)

	'('	shift, and go to state 11
	'-'	shift, and go to state 1
	'['	shift, and go to state 13
	'{'	shift, and go to state 7
	DATE	shift, and go to state 4
	NAME	shift, and go to state 15
	NUMBER	shift, and go to state 14
	STRING	shift, and go to state 9

	expr	go to state 69
	exprval	go to state 5
	assignexpr	go to state 8

State 34:

	expr -> expr '<' . expr	(Rule 38)

	'('	shift, and go to state 11
	'-'	shift, and go to state 1
	'['	shift, and go to state 13
	'{'	shift, and go to state 7
	DATE	shift, and go to state 4
	NAME	shift, and go to state 15
	NUMBER	shift, and go to state 14
	STRING	shift, and go to state 9

	expr	go to state 70
	exprval	go to state 5
	assignexpr	go to state 8

State 35:

	expr -> expr '**' . expr	(Rule 36)

	'('	shift, and go to state 11
	'-'	shift, and go to state 1
	'['	shift, and go to state 13
	'{'	shift, and go to state 7
	DATE	shift, and go to state 4
	NAME	shift, and go to state 15
	NUMBER	shift, and go to state 14
	STRING	shift, and go to state 9

	expr	go to state 71
	exprval	go to state 5
	assignexpr	go to state 8

State 36:

	expr -> expr '+' . expr	(Rule 29)

	'('	shift, and go to state 11
	'-'	shift, and go to state 1
	'['	shift, and go to state 13
	'{'	shift, and go to state 7
	DATE	shift, and go to state 4
	NAME	shift, and go to state 15
	NUMBER	shift, and go to state 14
	STRING	shift, and go to state 9

	expr	go to state 72
	exprval	go to state 5
	assignexpr	go to state 8

State 37:

	expr -> expr '%' . expr	(Rule 34)

	'('	shift, and go to state 11
	'-'	shift, and go to state 1
	'['	shift, and go to state 13
	'{'	shift, and go to state 7
	DATE	shift, and go to state 4
	NAME	shift, and go to state 15
	NUMBER	shift, and go to state 14
	STRING	shift, and go to state 9

	expr	go to state 73
	exprval	go to state 5
	assignexpr	go to state 8

State 38:

	expr -> expr '==' . expr	(Rule 42)

	'('	shift, and go to state 11
	'-'	shift, and go to state 1
	'['	shift, and go to state 13
	'{'	shift, and go to state 7
	DATE	shift, and go to state 4
	NAME	shift, and go to state 15
	NUMBER	shift, and go to state 14
	STRING	shift, and go to state 9

	expr	go to state 74
	exprval	go to state 5
	assignexpr	go to state 8

State 39:

	expr -> expr '>=' . expr	(Rule 41)

	'('	shift, and go to state 11
	'-'	shift, and go to state 1
	'['	shift, and go to state 13
	'{'	shift, and go to state 7
	DATE	shift, and go to state 4
	NAME	shift, and go to state 15
	NUMBER	shift, and go to state 14
	STRING	shift, and go to state 9

	expr	go to state 75
	exprval	go to state 5
	assignexpr	go to state 8

State 40:

	expr -> expr '^' . expr	(Rule 35)

	'('	shift, and go to state 11
	'-'	shift, and go to state 1
	'['	shift, and go to state 13
	'{'	shift, and go to state 7
	DATE	shift, and go to state 4
	NAME	shift, and go to state 15
	NUMBER	shift, and go to state 14
	STRING	shift, and go to state 9

	expr	go to state 76
	exprval	go to state 5
	assignexpr	go to state 8

State 41:

	expr -> expr ' ' . expr	(Rule 28)

	'('	shift, and go to state 11
	'-'	shift, and go to state 1
	'['	shift, and go to state 13
	'{'	shift, and go to state 7
	DATE	shift, and go to state 4
	NAME	shift, and go to state 15
	NUMBER	shift, and go to state 14
	STRING	shift, and go to state 9

	expr	go to state 77
	exprval	go to state 5
	assignexpr	go to state 8

State 42:

	expr -> expr '*' . expr	(Rule 31)

	'('	shift, and go to state 11
	'-'	shift, and go to state 1
	'['	shift, and go to state 13
	'{'	shift, and go to state 7
	DATE	shift, and go to state 4
	NAME	shift, and go to state 15
	NUMBER	shift, and go to state 14
	STRING	shift, and go to state 9

	expr	go to state 78
	exprval	go to state 5
	assignexpr	go to state 8

State 43:

	expr -> expr 'per' . expr	(Rule 33)

	'('	shift, and go to state 11
	'-'	shift, and go to state 1
	'['	shift, and go to state 13
	'{'	shift, and go to state 7
	DATE	shift, and go to state 4
	NAME	shift, and go to state 15
	NUMBER	shift, and go to state 14
	STRING	shift, and go to state 9

	expr	go to state 79
	exprval	go to state 5
	assignexpr	go to state 8

State 44:

	stmt -> expr ':->' . expr	(Rule 8)

	'('	shift, and go to state 11
	'-'	shift, and go to state 1
	'['	shift, and go to state 13
	'{'	shift, and go to state 7
	DATE	shift, and go to state 4
	NAME	shift, and go to state 15
	NUMBER	shift, and go to state 14
	STRING	shift, and go to state 9

	expr	go to state 80
	exprval	go to state 5
	assignexpr	go to state 8

State 45:

	expr -> expr '!=' . expr	(Rule 44)

	'('	shift, and go to state 11
	'-'	shift, and go to state 1
	'['	shift, and go to state 13
	'{'	shift, and go to state 7
	DATE	shift, and go to state 4
	NAME	shift, and go to state 15
	NUMBER	shift, and go to state 14
	STRING	shift, and go to state 9

	expr	go to state 81
	exprval	go to state 5
	assignexpr	go to state 8

State 46:

	stmt -> expr '|||' . NAME	(Rule 10)

	NAME	shift, and go to state 82

State 47:

	expr -> expr '?' . expr ':' expr	(Rule 37)

	'('	shift, and go to state 11
	'-'	shift, and go to state 1
	'['	shift, and go to state 13
	'{'	shift, and go to state 7
	DATE	shift, and go to state 4
	NAME	shift, and go to state 15
	NUMBER	shift, and go to state 14
	STRING	shift, and go to state 9

	expr	go to state 83
	exprval	go to state 5
	assignexpr	go to state 8

State 48:

	expr -> expr '->' . expr	(Rule 52)

	'('	shift, and go to state 11
	'-'	shift, and go to state 1
	'['	shift, and go to state 13
	'{'	shift, and go to state 7
	DATE	shift, and go to state 4
	NAME	shift, and go to state 15
	NUMBER	shift, and go to state 14
	STRING	shift, and go to state 9

	expr	go to state 84
	exprval	go to state 5
	assignexpr	go to state 8

State 49:

	expr -> expr '/' . expr	(Rule 32)

	'('	shift, and go to state 11
	'-'	shift, and go to state 1
	'['	shift, and go to state 13
	'{'	shift, and go to state 7
	DATE	shift, and go to state 4
	NAME	shift, and go to state 15
	NUMBER	shift, and go to state 14
	STRING	shift, and go to state 9

	expr	go to state 85
	exprval	go to state 5
	assignexpr	go to state 8

State 50:

	expr -> expr '<=' . expr	(Rule 40)

	'('	shift, and go to state 11
	'-'	shift, and go to state 1
	'['	shift, and go to state 13
	'{'	shift, and go to state 7
	DATE	shift, and go to state 4
	NAME	shift, and go to state 15
	NUMBER	shift, and go to state 14
	STRING	shift, and go to state 9

	expr	go to state 86
	exprval	go to state 5
	assignexpr	go to state 8

State 51:

	expr -> expr '<=>' . expr	(Rule 43)

	'('	shift, and go to state 11
	'-'	shift, and go to state 1
	'['	shift, and go to state 13
	'{'	shift, and go to state 7
	DATE	shift, and go to state 4
	NAME	shift, and go to state 15
	NUMBER	shift, and go to state 14
	STRING	shift, and go to state 9

	expr	go to state 87
	exprval	go to state 5
	assignexpr	go to state 8

State 52:

	expr -> expr '>' . expr	(Rule 39)

	'('	shift, and go to state 11
	'-'	shift, and go to state 1
	'['	shift, and go to state 13
	'{'	shift, and go to state 7
	DATE	shift, and go to state 4
	NAME	shift, and go to state 15
	NUMBER	shift, and go to state 14
	STRING	shift, and go to state 9

	expr	go to state 88
	exprval	go to state 5
	assignexpr	go to state 8

State 53:

	expr -> '[' array . ']'	(Rule 49)

	']'	shift, and go to state 89

State 54:

	array -> expr . ',' array	(Rule 11)
	array -> expr .	(Rule 12)
	expr -> expr . ' ' expr	(Rule 28)
	expr -> expr . '+' expr	(Rule 29)
	expr -> expr . '-' expr	(Rule 30)
	expr -> expr . '*' expr	(Rule 31)
	expr -> expr . '/' expr	(Rule 32)
	expr -> expr . 'per' expr	(Rule 33)
	expr -> expr . '%' expr	(Rule 34)
	expr -> expr . '^' expr	(Rule 35)
	expr -> expr . '**' expr	(Rule 36)
	expr -> expr . '?' expr ':' expr	(Rule 37)
	expr -> expr . '<' expr	(Rule 38)
	expr -> expr . '>' expr	(Rule 39)
	expr -> expr . '<=' expr	(Rule 40)
	expr -> expr . '>=' expr	(Rule 41)
	expr -> expr . '==' expr	(Rule 42)
	expr -> expr . '<=>' expr	(Rule 43)
	expr -> expr . '!=' expr	(Rule 44)
	expr -> expr . '->' expr	(Rule 52)

	' '	shift, and go to state 41
	'!='	shift, and go to state 45
	'%'	shift, and go to state 37
	'*'	shift, and go to state 42
	'**'	shift, and go to state 35
	'+'	shift, and go to state 36
	','	shift, and go to state 90
	'-'	shift, and go to state 33
	'->'	shift, and go to state 48
	'/'	shift, and go to state 49
	'<'	shift, and go to state 34
	'<='	shift, and go to state 50
	'<=>'	shift, and go to state 51
	'=='	shift, and go to state 38
	'>'	shift, and go to state 52
	'>='	shift, and go to state 39
	'?'	shift, and go to state 47
	'^'	shift, and go to state 40
	'per'	shift, and go to state 43

	$default	reduce using rule 12 (array)

State 55:

	stmt -> NAME ':=' expr .	(Rule 7)
	expr -> expr . ' ' expr	(Rule 28)
	expr -> expr . '+' expr	(Rule 29)
	expr -> expr . '-' expr	(Rule 30)
	expr -> expr . '*' expr	(Rule 31)
	expr -> expr . '/' expr	(Rule 32)
	expr -> expr . 'per' expr	(Rule 33)
	expr -> expr . '%' expr	(Rule 34)
	expr -> expr . '^' expr	(Rule 35)
	expr -> expr . '**' expr	(Rule 36)
	expr -> expr . '?' expr ':' expr	(Rule 37)
	expr -> expr . '<' expr	(Rule 38)
	expr -> expr . '>' expr	(Rule 39)
	expr -> expr . '<=' expr	(Rule 40)
	expr -> expr . '>=' expr	(Rule 41)
	expr -> expr . '==' expr	(Rule 42)
	expr -> expr . '<=>' expr	(Rule 43)
	expr -> expr . '!=' expr	(Rule 44)
	expr -> expr . '->' expr	(Rule 52)

	' '	shift, and go to state 41
	'!='	shift, and go to state 45
	'%'	shift, and go to state 37
	'*'	shift, and go to state 42
	'**'	shift, and go to state 35
	'+'	shift, and go to state 36
	'-'	shift, and go to state 33
	'->'	shift, and go to state 48
	'/'	shift, and go to state 49
	'<'	shift, and go to state 34
	'<='	shift, and go to state 50
	'<=>'	shift, and go to state 51
	'=='	shift, and go to state 38
	'>'	shift, and go to state 52
	'>='	shift, and go to state 39
	'?'	shift, and go to state 47
	'^'	shift, and go to state 40
	'per'	shift, and go to state 43

	$default	reduce using rule 7 (stmt)

State 56:

	arglist -> argelement . ',' arglist	(Rule 17)
	arglist -> argelement .	(Rule 18)

	','	shift, and go to state 91

	$default	reduce using rule 18 (arglist)

State 57:

	argelement -> NAME . 'isa' NAME '=' expr	(Rule 13)
	argelement -> NAME . 'isa' NAME	(Rule 14)
	argelement -> NAME . '=' expr	(Rule 15)
	argelement -> NAME .	(Rule 16)

	'='	shift, and go to state 92
	'isa'	shift, and go to state 93

	$default	reduce using rule 16 (argelement)

State 58:

	expr -> NAME '{' arglist . '}' ':=' expr	(Rule 47)
	expr -> NAME '{' arglist . '}' ':=' '{' stma '}'	(Rule 48)

	'}'	shift, and go to state 94

State 59:

	stmt -> NAME '=!=' NAME .	(Rule 9)

	$default	reduce using rule 9 (stmt)

State 60:

	expr -> expr . ' ' expr	(Rule 28)
	expr -> expr . '+' expr	(Rule 29)
	expr -> expr . '-' expr	(Rule 30)
	expr -> expr . '*' expr	(Rule 31)
	expr -> expr . '/' expr	(Rule 32)
	expr -> expr . 'per' expr	(Rule 33)
	expr -> expr . '%' expr	(Rule 34)
	expr -> expr . '^' expr	(Rule 35)
	expr -> expr . '**' expr	(Rule 36)
	expr -> expr . '?' expr ':' expr	(Rule 37)
	expr -> expr . '<' expr	(Rule 38)
	expr -> expr . '>' expr	(Rule 39)
	expr -> expr . '<=' expr	(Rule 40)
	expr -> expr . '>=' expr	(Rule 41)
	expr -> expr . '==' expr	(Rule 42)
	expr -> expr . '<=>' expr	(Rule 43)
	expr -> expr . '!=' expr	(Rule 44)
	expr -> NAME '::-' expr .	(Rule 45)
	expr -> expr . '->' expr	(Rule 52)

	' '	shift, and go to state 41
	'!='	shift, and go to state 45
	'%'	shift, and go to state 37
	'*'	shift, and go to state 42
	'**'	shift, and go to state 35
	'+'	shift, and go to state 36
	'-'	shift, and go to state 33
	'->'	shift, and go to state 48
	'/'	shift, and go to state 49
	'<'	shift, and go to state 34
	'<='	shift, and go to state 50
	'<=>'	shift, and go to state 51
	'=='	shift, and go to state 38
	'>'	shift, and go to state 52
	'>='	shift, and go to state 39
	'?'	shift, and go to state 47
	'^'	shift, and go to state 40
	'per'	shift, and go to state 43

	$default	reduce using rule 45 (expr)

State 61:

	assignexpr -> NAME '=' expr .	(Rule 25)
	expr -> expr . ' ' expr	(Rule 28)
	expr -> expr . '+' expr	(Rule 29)
	expr -> expr . '-' expr	(Rule 30)
	expr -> expr . '*' expr	(Rule 31)
	expr -> expr . '/' expr	(Rule 32)
	expr -> expr . 'per' expr	(Rule 33)
	expr -> expr . '%' expr	(Rule 34)
	expr -> expr . '^' expr	(Rule 35)
	expr -> expr . '**' expr	(Rule 36)
	expr -> expr . '?' expr ':' expr	(Rule 37)
	expr -> expr . '<' expr	(Rule 38)
	expr -> expr . '>' expr	(Rule 39)
	expr -> expr . '<=' expr	(Rule 40)
	expr -> expr . '>=' expr	(Rule 41)
	expr -> expr . '==' expr	(Rule 42)
	expr -> expr . '<=>' expr	(Rule 43)
	expr -> expr . '!=' expr	(Rule 44)
	expr -> expr . '->' expr	(Rule 52)

	' '	shift, and go to state 41
	'!='	shift, and go to state 45
	'%'	shift, and go to state 37
	'*'	shift, and go to state 42
	'**'	shift, and go to state 35
	'+'	shift, and go to state 36
	'-'	shift, and go to state 33
	'->'	shift, and go to state 48
	'/'	shift, and go to state 49
	'<'	shift, and go to state 34
	'<='	shift, and go to state 50
	'<=>'	shift, and go to state 51
	'=='	shift, and go to state 38
	'>'	shift, and go to state 52
	'>='	shift, and go to state 39
	'?'	shift, and go to state 47
	'^'	shift, and go to state 40
	'per'	shift, and go to state 43

	$default	reduce using rule 25 (assignexpr)

State 62:

	exprval -> NAME '|' array . '|'	(Rule 23)
	expr -> NAME '|' array . '|' '=' expr	(Rule 51)

	'|'	shift, and go to state 95

State 63:

	expr -> expr . ' ' expr	(Rule 28)
	expr -> expr . '+' expr	(Rule 29)
	expr -> expr . '-' expr	(Rule 30)
	expr -> expr . '*' expr	(Rule 31)
	expr -> expr . '/' expr	(Rule 32)
	expr -> expr . 'per' expr	(Rule 33)
	expr -> expr . '%' expr	(Rule 34)
	expr -> expr . '^' expr	(Rule 35)
	expr -> expr . '**' expr	(Rule 36)
	expr -> expr . '?' expr ':' expr	(Rule 37)
	expr -> expr . '<' expr	(Rule 38)
	expr -> expr . '>' expr	(Rule 39)
	expr -> expr . '<=' expr	(Rule 40)
	expr -> expr . '>=' expr	(Rule 41)
	expr -> expr . '==' expr	(Rule 42)
	expr -> expr . '<=>' expr	(Rule 43)
	expr -> expr . '!=' expr	(Rule 44)
	expr -> NAME ':-' expr .	(Rule 46)
	expr -> expr . '->' expr	(Rule 52)

	' '	shift, and go to state 41
	'!='	shift, and go to state 45
	'%'	shift, and go to state 37
	'*'	shift, and go to state 42
	'**'	shift, and go to state 35
	'+'	shift, and go to state 36
	'-'	shift, and go to state 33
	'->'	shift, and go to state 48
	'/'	shift, and go to state 49
	'<'	shift, and go to state 34
	'<='	shift, and go to state 50
	'<=>'	shift, and go to state 51
	'=='	shift, and go to state 38
	'>'	shift, and go to state 52
	'>='	shift, and go to state 39
	'?'	shift, and go to state 47
	'^'	shift, and go to state 40
	'per'	shift, and go to state 43

	$default	reduce using rule 46 (expr)

State 64:

	exprval -> NAME '[' array . ']'	(Rule 22)

	']'	shift, and go to state 96

State 65:

	exprval -> NAME '|' . array '|'	(Rule 23)

	'('	shift, and go to state 11
	'-'	shift, and go to state 1
	'['	shift, and go to state 13
	'{'	shift, and go to state 7
	DATE	shift, and go to state 4
	NAME	shift, and go to state 15
	NUMBER	shift, and go to state 14
	STRING	shift, and go to state 9

	array	go to state 97
	expr	go to state 54
	exprval	go to state 5
	assignexpr	go to state 8

State 66:

	expr -> '{' '|' arglist . '|' expr '}'	(Rule 50)

	'|'	shift, and go to state 98

State 67:

	stma -> stmt ';' stma .	(Rule 3)

	$default	reduce using rule 3 (stma)

State 68:

	exprval -> '(' expr ')' .	(Rule 21)

	$default	reduce using rule 21 (exprval)

State 69:

	expr -> expr . ' ' expr	(Rule 28)
	expr -> expr . '+' expr	(Rule 29)
	expr -> expr . '-' expr	(Rule 30)
	expr -> expr '-' expr .	(Rule 30)
	expr -> expr . '*' expr	(Rule 31)
	expr -> expr . '/' expr	(Rule 32)
	expr -> expr . 'per' expr	(Rule 33)
	expr -> expr . '%' expr	(Rule 34)
	expr -> expr . '^' expr	(Rule 35)
	expr -> expr . '**' expr	(Rule 36)
	expr -> expr . '?' expr ':' expr	(Rule 37)
	expr -> expr . '<' expr	(Rule 38)
	expr -> expr . '>' expr	(Rule 39)
	expr -> expr . '<=' expr	(Rule 40)
	expr -> expr . '>=' expr	(Rule 41)
	expr -> expr . '==' expr	(Rule 42)
	expr -> expr . '<=>' expr	(Rule 43)
	expr -> expr . '!=' expr	(Rule 44)
	expr -> expr . '->' expr	(Rule 52)

	' '	shift, and go to state 41
	'%'	shift, and go to state 37
	'*'	shift, and go to state 42
	'**'	shift, and go to state 35
	'/'	shift, and go to state 49
	'^'	shift, and go to state 40
	'per'	shift, and go to state 43

	$default	reduce using rule 30 (expr)

State 70:

	expr -> expr . ' ' expr	(Rule 28)
	expr -> expr . '+' expr	(Rule 29)
	expr -> expr . '-' expr	(Rule 30)
	expr -> expr . '*' expr	(Rule 31)
	expr -> expr . '/' expr	(Rule 32)
	expr -> expr . 'per' expr	(Rule 33)
	expr -> expr . '%' expr	(Rule 34)
	expr -> expr . '^' expr	(Rule 35)
	expr -> expr . '**' expr	(Rule 36)
	expr -> expr . '?' expr ':' expr	(Rule 37)
	expr -> expr . '<' expr	(Rule 38)
	expr -> expr '<' expr .	(Rule 38)
	expr -> expr . '>' expr	(Rule 39)
	expr -> expr . '<=' expr	(Rule 40)
	expr -> expr . '>=' expr	(Rule 41)
	expr -> expr . '==' expr	(Rule 42)
	expr -> expr . '<=>' expr	(Rule 43)
	expr -> expr . '!=' expr	(Rule 44)
	expr -> expr . '->' expr	(Rule 52)

	' '	shift, and go to state 41
	'%'	shift, and go to state 37
	'*'	shift, and go to state 42
	'**'	shift, and go to state 35
	'+'	shift, and go to state 36
	'-'	shift, and go to state 33
	'/'	shift, and go to state 49
	'^'	shift, and go to state 40
	'per'	shift, and go to state 43

	'!='	error (nonassociative)
	'<'	error (nonassociative)
	'<='	error (nonassociative)
	'<=>'	error (nonassociative)
	'=='	error (nonassociative)
	'>'	error (nonassociative)
	'>='	error (nonassociative)

	$default	reduce using rule 38 (expr)

State 71:

	expr -> expr . ' ' expr	(Rule 28)
	expr -> expr . '+' expr	(Rule 29)
	expr -> expr . '-' expr	(Rule 30)
	expr -> expr . '*' expr	(Rule 31)
	expr -> expr . '/' expr	(Rule 32)
	expr -> expr . 'per' expr	(Rule 33)
	expr -> expr . '%' expr	(Rule 34)
	expr -> expr . '^' expr	(Rule 35)
	expr -> expr . '**' expr	(Rule 36)
	expr -> expr '**' expr .	(Rule 36)
	expr -> expr . '?' expr ':' expr	(Rule 37)
	expr -> expr . '<' expr	(Rule 38)
	expr -> expr . '>' expr	(Rule 39)
	expr -> expr . '<=' expr	(Rule 40)
	expr -> expr . '>=' expr	(Rule 41)
	expr -> expr . '==' expr	(Rule 42)
	expr -> expr . '<=>' expr	(Rule 43)
	expr -> expr . '!=' expr	(Rule 44)
	expr -> expr . '->' expr	(Rule 52)

	$default	reduce using rule 36 (expr)

State 72:

	expr -> expr . ' ' expr	(Rule 28)
	expr -> expr . '+' expr	(Rule 29)
	expr -> expr '+' expr .	(Rule 29)
	expr -> expr . '-' expr	(Rule 30)
	expr -> expr . '*' expr	(Rule 31)
	expr -> expr . '/' expr	(Rule 32)
	expr -> expr . 'per' expr	(Rule 33)
	expr -> expr . '%' expr	(Rule 34)
	expr -> expr . '^' expr	(Rule 35)
	expr -> expr . '**' expr	(Rule 36)
	expr -> expr . '?' expr ':' expr	(Rule 37)
	expr -> expr . '<' expr	(Rule 38)
	expr -> expr . '>' expr	(Rule 39)
	expr -> expr . '<=' expr	(Rule 40)
	expr -> expr . '>=' expr	(Rule 41)
	expr -> expr . '==' expr	(Rule 42)
	expr -> expr . '<=>' expr	(Rule 43)
	expr -> expr . '!=' expr	(Rule 44)
	expr -> expr . '->' expr	(Rule 52)

	' '	shift, and go to state 41
	'%'	shift, and go to state 37
	'*'	shift, and go to state 42
	'**'	shift, and go to state 35
	'/'	shift, and go to state 49
	'^'	shift, and go to state 40
	'per'	shift, and go to state 43

	$default	reduce using rule 29 (expr)

State 73:

	expr -> expr . ' ' expr	(Rule 28)
	expr -> expr . '+' expr	(Rule 29)
	expr -> expr . '-' expr	(Rule 30)
	expr -> expr . '*' expr	(Rule 31)
	expr -> expr . '/' expr	(Rule 32)
	expr -> expr . 'per' expr	(Rule 33)
	expr -> expr . '%' expr	(Rule 34)
	expr -> expr '%' expr .	(Rule 34)
	expr -> expr . '^' expr	(Rule 35)
	expr -> expr . '**' expr	(Rule 36)
	expr -> expr . '?' expr ':' expr	(Rule 37)
	expr -> expr . '<' expr	(Rule 38)
	expr -> expr . '>' expr	(Rule 39)
	expr -> expr . '<=' expr	(Rule 40)
	expr -> expr . '>=' expr	(Rule 41)
	expr -> expr . '==' expr	(Rule 42)
	expr -> expr . '<=>' expr	(Rule 43)
	expr -> expr . '!=' expr	(Rule 44)
	expr -> expr . '->' expr	(Rule 52)

	'**'	shift, and go to state 35
	'^'	shift, and go to state 40

	$default	reduce using rule 34 (expr)

State 74:

	expr -> expr . ' ' expr	(Rule 28)
	expr -> expr . '+' expr	(Rule 29)
	expr -> expr . '-' expr	(Rule 30)
	expr -> expr . '*' expr	(Rule 31)
	expr -> expr . '/' expr	(Rule 32)
	expr -> expr . 'per' expr	(Rule 33)
	expr -> expr . '%' expr	(Rule 34)
	expr -> expr . '^' expr	(Rule 35)
	expr -> expr . '**' expr	(Rule 36)
	expr -> expr . '?' expr ':' expr	(Rule 37)
	expr -> expr . '<' expr	(Rule 38)
	expr -> expr . '>' expr	(Rule 39)
	expr -> expr . '<=' expr	(Rule 40)
	expr -> expr . '>=' expr	(Rule 41)
	expr -> expr . '==' expr	(Rule 42)
	expr -> expr '==' expr .	(Rule 42)
	expr -> expr . '<=>' expr	(Rule 43)
	expr -> expr . '!=' expr	(Rule 44)
	expr -> expr . '->' expr	(Rule 52)

	' '	shift, and go to state 41
	'%'	shift, and go to state 37
	'*'	shift, and go to state 42
	'**'	shift, and go to state 35
	'+'	shift, and go to state 36
	'-'	shift, and go to state 33
	'/'	shift, and go to state 49
	'^'	shift, and go to state 40
	'per'	shift, and go to state 43

	'!='	error (nonassociative)
	'<'	error (nonassociative)
	'<='	error (nonassociative)
	'<=>'	error (nonassociative)
	'=='	error (nonassociative)
	'>'	error (nonassociative)
	'>='	error (nonassociative)

	$default	reduce using rule 42 (expr)

State 75:

	expr -> expr . ' ' expr	(Rule 28)
	expr -> expr . '+' expr	(Rule 29)
	expr -> expr . '-' expr	(Rule 30)
	expr -> expr . '*' expr	(Rule 31)
	expr -> expr . '/' expr	(Rule 32)
	expr -> expr . 'per' expr	(Rule 33)
	expr -> expr . '%' expr	(Rule 34)
	expr -> expr . '^' expr	(Rule 35)
	expr -> expr . '**' expr	(Rule 36)
	expr -> expr . '?' expr ':' expr	(Rule 37)
	expr -> expr . '<' expr	(Rule 38)
	expr -> expr . '>' expr	(Rule 39)
	expr -> expr . '<=' expr	(Rule 40)
	expr -> expr . '>=' expr	(Rule 41)
	expr -> expr '>=' expr .	(Rule 41)
	expr -> expr . '==' expr	(Rule 42)
	expr -> expr . '<=>' expr	(Rule 43)
	expr -> expr . '!=' expr	(Rule 44)
	expr -> expr . '->' expr	(Rule 52)

	' '	shift, and go to state 41
	'%'	shift, and go to state 37
	'*'	shift, and go to state 42
	'**'	shift, and go to state 35
	'+'	shift, and go to state 36
	'-'	shift, and go to state 33
	'/'	shift, and go to state 49
	'^'	shift, and go to state 40
	'per'	shift, and go to state 43

	'!='	error (nonassociative)
	'<'	error (nonassociative)
	'<='	error (nonassociative)
	'<=>'	error (nonassociative)
	'=='	error (nonassociative)
	'>'	error (nonassociative)
	'>='	error (nonassociative)

	$default	reduce using rule 41 (expr)

State 76:

	expr -> expr . ' ' expr	(Rule 28)
	expr -> expr . '+' expr	(Rule 29)
	expr -> expr . '-' expr	(Rule 30)
	expr -> expr . '*' expr	(Rule 31)
	expr -> expr . '/' expr	(Rule 32)
	expr -> expr . 'per' expr	(Rule 33)
	expr -> expr . '%' expr	(Rule 34)
	expr -> expr . '^' expr	(Rule 35)
	expr -> expr '^' expr .	(Rule 35)
	expr -> expr . '**' expr	(Rule 36)
	expr -> expr . '?' expr ':' expr	(Rule 37)
	expr -> expr . '<' expr	(Rule 38)
	expr -> expr . '>' expr	(Rule 39)
	expr -> expr . '<=' expr	(Rule 40)
	expr -> expr . '>=' expr	(Rule 41)
	expr -> expr . '==' expr	(Rule 42)
	expr -> expr . '<=>' expr	(Rule 43)
	expr -> expr . '!=' expr	(Rule 44)
	expr -> expr . '->' expr	(Rule 52)

	$default	reduce using rule 35 (expr)

State 77:

	expr -> expr . ' ' expr	(Rule 28)
	expr -> expr ' ' expr .	(Rule 28)
	expr -> expr . '+' expr	(Rule 29)
	expr -> expr . '-' expr	(Rule 30)
	expr -> expr . '*' expr	(Rule 31)
	expr -> expr . '/' expr	(Rule 32)
	expr -> expr . 'per' expr	(Rule 33)
	expr -> expr . '%' expr	(Rule 34)
	expr -> expr . '^' expr	(Rule 35)
	expr -> expr . '**' expr	(Rule 36)
	expr -> expr . '?' expr ':' expr	(Rule 37)
	expr -> expr . '<' expr	(Rule 38)
	expr -> expr . '>' expr	(Rule 39)
	expr -> expr . '<=' expr	(Rule 40)
	expr -> expr . '>=' expr	(Rule 41)
	expr -> expr . '==' expr	(Rule 42)
	expr -> expr . '<=>' expr	(Rule 43)
	expr -> expr . '!=' expr	(Rule 44)
	expr -> expr . '->' expr	(Rule 52)

	'**'	shift, and go to state 35
	'^'	shift, and go to state 40

	$default	reduce using rule 28 (expr)

State 78:

	expr -> expr . ' ' expr	(Rule 28)
	expr -> expr . '+' expr	(Rule 29)
	expr -> expr . '-' expr	(Rule 30)
	expr -> expr . '*' expr	(Rule 31)
	expr -> expr '*' expr .	(Rule 31)
	expr -> expr . '/' expr	(Rule 32)
	expr -> expr . 'per' expr	(Rule 33)
	expr -> expr . '%' expr	(Rule 34)
	expr -> expr . '^' expr	(Rule 35)
	expr -> expr . '**' expr	(Rule 36)
	expr -> expr . '?' expr ':' expr	(Rule 37)
	expr -> expr . '<' expr	(Rule 38)
	expr -> expr . '>' expr	(Rule 39)
	expr -> expr . '<=' expr	(Rule 40)
	expr -> expr . '>=' expr	(Rule 41)
	expr -> expr . '==' expr	(Rule 42)
	expr -> expr . '<=>' expr	(Rule 43)
	expr -> expr . '!=' expr	(Rule 44)
	expr -> expr . '->' expr	(Rule 52)

	'**'	shift, and go to state 35
	'^'	shift, and go to state 40

	$default	reduce using rule 31 (expr)

State 79:

	expr -> expr . ' ' expr	(Rule 28)
	expr -> expr . '+' expr	(Rule 29)
	expr -> expr . '-' expr	(Rule 30)
	expr -> expr . '*' expr	(Rule 31)
	expr -> expr . '/' expr	(Rule 32)
	expr -> expr . 'per' expr	(Rule 33)
	expr -> expr 'per' expr .	(Rule 33)
	expr -> expr . '%' expr	(Rule 34)
	expr -> expr . '^' expr	(Rule 35)
	expr -> expr . '**' expr	(Rule 36)
	expr -> expr . '?' expr ':' expr	(Rule 37)
	expr -> expr . '<' expr	(Rule 38)
	expr -> expr . '>' expr	(Rule 39)
	expr -> expr . '<=' expr	(Rule 40)
	expr -> expr . '>=' expr	(Rule 41)
	expr -> expr . '==' expr	(Rule 42)
	expr -> expr . '<=>' expr	(Rule 43)
	expr -> expr . '!=' expr	(Rule 44)
	expr -> expr . '->' expr	(Rule 52)

	' '	shift, and go to state 41
	'%'	shift, and go to state 37
	'*'	shift, and go to state 42
	'**'	shift, and go to state 35
	'/'	shift, and go to state 49
	'^'	shift, and go to state 40

	$default	reduce using rule 33 (expr)

State 80:

	stmt -> expr ':->' expr .	(Rule 8)
	expr -> expr . ' ' expr	(Rule 28)
	expr -> expr . '+' expr	(Rule 29)
	expr -> expr . '-' expr	(Rule 30)
	expr -> expr . '*' expr	(Rule 31)
	expr -> expr . '/' expr	(Rule 32)
	expr -> expr . 'per' expr	(Rule 33)
	expr -> expr . '%' expr	(Rule 34)
	expr -> expr . '^' expr	(Rule 35)
	expr -> expr . '**' expr	(Rule 36)
	expr -> expr . '?' expr ':' expr	(Rule 37)
	expr -> expr . '<' expr	(Rule 38)
	expr -> expr . '>' expr	(Rule 39)
	expr -> expr . '<=' expr	(Rule 40)
	expr -> expr . '>=' expr	(Rule 41)
	expr -> expr . '==' expr	(Rule 42)
	expr -> expr . '<=>' expr	(Rule 43)
	expr -> expr . '!=' expr	(Rule 44)
	expr -> expr . '->' expr	(Rule 52)

	' '	shift, and go to state 41
	'!='	shift, and go to state 45
	'%'	shift, and go to state 37
	'*'	shift, and go to state 42
	'**'	shift, and go to state 35
	'+'	shift, and go to state 36
	'-'	shift, and go to state 33
	'->'	shift, and go to state 48
	'/'	shift, and go to state 49
	'<'	shift, and go to state 34
	'<='	shift, and go to state 50
	'<=>'	shift, and go to state 51
	'=='	shift, and go to state 38
	'>'	shift, and go to state 52
	'>='	shift, and go to state 39
	'?'	shift, and go to state 47
	'^'	shift, and go to state 40
	'per'	shift, and go to state 43

	$default	reduce using rule 8 (stmt)

State 81:

	expr -> expr . ' ' expr	(Rule 28)
	expr -> expr . '+' expr	(Rule 29)
	expr -> expr . '-' expr	(Rule 30)
	expr -> expr . '*' expr	(Rule 31)
	expr -> expr . '/' expr	(Rule 32)
	expr -> expr . 'per' expr	(Rule 33)
	expr -> expr . '%' expr	(Rule 34)
	expr -> expr . '^' expr	(Rule 35)
	expr -> expr . '**' expr	(Rule 36)
	expr -> expr . '?' expr ':' expr	(Rule 37)
	expr -> expr . '<' expr	(Rule 38)
	expr -> expr . '>' expr	(Rule 39)
	expr -> expr . '<=' expr	(Rule 40)
	expr -> expr . '>=' expr	(Rule 41)
	expr -> expr . '==' expr	(Rule 42)
	expr -> expr . '<=>' expr	(Rule 43)
	expr -> expr . '!=' expr	(Rule 44)
	expr -> expr '!=' expr .	(Rule 44)
	expr -> expr . '->' expr	(Rule 52)

	' '	shift, and go to state 41
	'%'	shift, and go to state 37
	'*'	shift, and go to state 42
	'**'	shift, and go to state 35
	'+'	shift, and go to state 36
	'-'	shift, and go to state 33
	'/'	shift, and go to state 49
	'^'	shift, and go to state 40
	'per'	shift, and go to state 43

	'!='	error (nonassociative)
	'<'	error (nonassociative)
	'<='	error (nonassociative)
	'<=>'	error (nonassociative)
	'=='	error (nonassociative)
	'>'	error (nonassociative)
	'>='	error (nonassociative)

	$default	reduce using rule 44 (expr)

State 82:

	stmt -> expr '|||' NAME .	(Rule 10)

	$default	reduce using rule 10 (stmt)

State 83:

	expr -> expr . ' ' expr	(Rule 28)
	expr -> expr . '+' expr	(Rule 29)
	expr -> expr . '-' expr	(Rule 30)
	expr -> expr . '*' expr	(Rule 31)
	expr -> expr . '/' expr	(Rule 32)
	expr -> expr . 'per' expr	(Rule 33)
	expr -> expr . '%' expr	(Rule 34)
	expr -> expr . '^' expr	(Rule 35)
	expr -> expr . '**' expr	(Rule 36)
	expr -> expr . '?' expr ':' expr	(Rule 37)
	expr -> expr '?' expr . ':' expr	(Rule 37)
	expr -> expr . '<' expr	(Rule 38)
	expr -> expr . '>' expr	(Rule 39)
	expr -> expr . '<=' expr	(Rule 40)
	expr -> expr . '>=' expr	(Rule 41)
	expr -> expr . '==' expr	(Rule 42)
	expr -> expr . '<=>' expr	(Rule 43)
	expr -> expr . '!=' expr	(Rule 44)
	expr -> expr . '->' expr	(Rule 52)

	' '	shift, and go to state 41
	'!='	shift, and go to state 45
	'%'	shift, and go to state 37
	'*'	shift, and go to state 42
	'**'	shift, and go to state 35
	'+'	shift, and go to state 36
	'-'	shift, and go to state 33
	'->'	shift, and go to state 48
	'/'	shift, and go to state 49
	':'	shift, and go to state 99
	'<'	shift, and go to state 34
	'<='	shift, and go to state 50
	'<=>'	shift, and go to state 51
	'=='	shift, and go to state 38
	'>'	shift, and go to state 52
	'>='	shift, and go to state 39
	'?'	shift, and go to state 47
	'^'	shift, and go to state 40
	'per'	shift, and go to state 43

State 84:

	expr -> expr . ' ' expr	(Rule 28)
	expr -> expr . '+' expr	(Rule 29)
	expr -> expr . '-' expr	(Rule 30)
	expr -> expr . '*' expr	(Rule 31)
	expr -> expr . '/' expr	(Rule 32)
	expr -> expr . 'per' expr	(Rule 33)
	expr -> expr . '%' expr	(Rule 34)
	expr -> expr . '^' expr	(Rule 35)
	expr -> expr . '**' expr	(Rule 36)
	expr -> expr . '?' expr ':' expr	(Rule 37)
	expr -> expr . '<' expr	(Rule 38)
	expr -> expr . '>' expr	(Rule 39)
	expr -> expr . '<=' expr	(Rule 40)
	expr -> expr . '>=' expr	(Rule 41)
	expr -> expr . '==' expr	(Rule 42)
	expr -> expr . '<=>' expr	(Rule 43)
	expr -> expr . '!=' expr	(Rule 44)
	expr -> expr . '->' expr	(Rule 52)
	expr -> expr '->' expr .	(Rule 52)

	' '	shift, and go to state 41
	'!='	shift, and go to state 45
	'%'	shift, and go to state 37
	'*'	shift, and go to state 42
	'**'	shift, and go to state 35
	'+'	shift, and go to state 36
	'-'	shift, and go to state 33
	'/'	shift, and go to state 49
	'<'	shift, and go to state 34
	'<='	shift, and go to state 50
	'<=>'	shift, and go to state 51
	'=='	shift, and go to state 38
	'>'	shift, and go to state 52
	'>='	shift, and go to state 39
	'?'	shift, and go to state 47
	'^'	shift, and go to state 40
	'per'	shift, and go to state 43

	$default	reduce using rule 52 (expr)

State 85:

	expr -> expr . ' ' expr	(Rule 28)
	expr -> expr . '+' expr	(Rule 29)
	expr -> expr . '-' expr	(Rule 30)
	expr -> expr . '*' expr	(Rule 31)
	expr -> expr . '/' expr	(Rule 32)
	expr -> expr '/' expr .	(Rule 32)
	expr -> expr . 'per' expr	(Rule 33)
	expr -> expr . '%' expr	(Rule 34)
	expr -> expr . '^' expr	(Rule 35)
	expr -> expr . '**' expr	(Rule 36)
	expr -> expr . '?' expr ':' expr	(Rule 37)
	expr -> expr . '<' expr	(Rule 38)
	expr -> expr . '>' expr	(Rule 39)
	expr -> expr . '<=' expr	(Rule 40)
	expr -> expr . '>=' expr	(Rule 41)
	expr -> expr . '==' expr	(Rule 42)
	expr -> expr . '<=>' expr	(Rule 43)
	expr -> expr . '!=' expr	(Rule 44)
	expr -> expr . '->' expr	(Rule 52)

	'**'	shift, and go to state 35
	'^'	shift, and go to state 40

	$default	reduce using rule 32 (expr)

State 86:

	expr -> expr . ' ' expr	(Rule 28)
	expr -> expr . '+' expr	(Rule 29)
	expr -> expr . '-' expr	(Rule 30)
	expr -> expr . '*' expr	(Rule 31)
	expr -> expr . '/' expr	(Rule 32)
	expr -> expr . 'per' expr	(Rule 33)
	expr -> expr . '%' expr	(Rule 34)
	expr -> expr . '^' expr	(Rule 35)
	expr -> expr . '**' expr	(Rule 36)
	expr -> expr . '?' expr ':' expr	(Rule 37)
	expr -> expr . '<' expr	(Rule 38)
	expr -> expr . '>' expr	(Rule 39)
	expr -> expr . '<=' expr	(Rule 40)
	expr -> expr '<=' expr .	(Rule 40)
	expr -> expr . '>=' expr	(Rule 41)
	expr -> expr . '==' expr	(Rule 42)
	expr -> expr . '<=>' expr	(Rule 43)
	expr -> expr . '!=' expr	(Rule 44)
	expr -> expr . '->' expr	(Rule 52)

	' '	shift, and go to state 41
	'%'	shift, and go to state 37
	'*'	shift, and go to state 42
	'**'	shift, and go to state 35
	'+'	shift, and go to state 36
	'-'	shift, and go to state 33
	'/'	shift, and go to state 49
	'^'	shift, and go to state 40
	'per'	shift, and go to state 43

	'!='	error (nonassociative)
	'<'	error (nonassociative)
	'<='	error (nonassociative)
	'<=>'	error (nonassociative)
	'=='	error (nonassociative)
	'>'	error (nonassociative)
	'>='	error (nonassociative)

	$default	reduce using rule 40 (expr)

State 87:

	expr -> expr . ' ' expr	(Rule 28)
	expr -> expr . '+' expr	(Rule 29)
	expr -> expr . '-' expr	(Rule 30)
	expr -> expr . '*' expr	(Rule 31)
	expr -> expr . '/' expr	(Rule 32)
	expr -> expr . 'per' expr	(Rule 33)
	expr -> expr . '%' expr	(Rule 34)
	expr -> expr . '^' expr	(Rule 35)
	expr -> expr . '**' expr	(Rule 36)
	expr -> expr . '?' expr ':' expr	(Rule 37)
	expr -> expr . '<' expr	(Rule 38)
	expr -> expr . '>' expr	(Rule 39)
	expr -> expr . '<=' expr	(Rule 40)
	expr -> expr . '>=' expr	(Rule 41)
	expr -> expr . '==' expr	(Rule 42)
	expr -> expr . '<=>' expr	(Rule 43)
	expr -> expr '<=>' expr .	(Rule 43)
	expr -> expr . '!=' expr	(Rule 44)
	expr -> expr . '->' expr	(Rule 52)

	' '	shift, and go to state 41
	'%'	shift, and go to state 37
	'*'	shift, and go to state 42
	'**'	shift, and go to state 35
	'+'	shift, and go to state 36
	'-'	shift, and go to state 33
	'/'	shift, and go to state 49
	'^'	shift, and go to state 40
	'per'	shift, and go to state 43

	'!='	error (nonassociative)
	'<'	error (nonassociative)
	'<='	error (nonassociative)
	'<=>'	error (nonassociative)
	'=='	error (nonassociative)
	'>'	error (nonassociative)
	'>='	error (nonassociative)

	$default	reduce using rule 43 (expr)

State 88:

	expr -> expr . ' ' expr	(Rule 28)
	expr -> expr . '+' expr	(Rule 29)
	expr -> expr . '-' expr	(Rule 30)
	expr -> expr . '*' expr	(Rule 31)
	expr -> expr . '/' expr	(Rule 32)
	expr -> expr . 'per' expr	(Rule 33)
	expr -> expr . '%' expr	(Rule 34)
	expr -> expr . '^' expr	(Rule 35)
	expr -> expr . '**' expr	(Rule 36)
	expr -> expr . '?' expr ':' expr	(Rule 37)
	expr -> expr . '<' expr	(Rule 38)
	expr -> expr . '>' expr	(Rule 39)
	expr -> expr '>' expr .	(Rule 39)
	expr -> expr . '<=' expr	(Rule 40)
	expr -> expr . '>=' expr	(Rule 41)
	expr -> expr . '==' expr	(Rule 42)
	expr -> expr . '<=>' expr	(Rule 43)
	expr -> expr . '!=' expr	(Rule 44)
	expr -> expr . '->' expr	(Rule 52)

	' '	shift, and go to state 41
	'%'	shift, and go to state 37
	'*'	shift, and go to state 42
	'**'	shift, and go to state 35
	'+'	shift, and go to state 36
	'-'	shift, and go to state 33
	'/'	shift, and go to state 49
	'^'	shift, and go to state 40
	'per'	shift, and go to state 43

	'!='	error (nonassociative)
	'<'	error (nonassociative)
	'<='	error (nonassociative)
	'<=>'	error (nonassociative)
	'=='	error (nonassociative)
	'>'	error (nonassociative)
	'>='	error (nonassociative)

	$default	reduce using rule 39 (expr)

State 89:

	expr -> '[' array ']' .	(Rule 49)

	$default	reduce using rule 49 (expr)

State 90:

	array -> expr ',' . array	(Rule 11)

	'('	shift, and go to state 11
	'-'	shift, and go to state 1
	'['	shift, and go to state 13
	'{'	shift, and go to state 7
	DATE	shift, and go to state 4
	NAME	shift, and go to state 15
	NUMBER	shift, and go to state 14
	STRING	shift, and go to state 9

	array	go to state 100
	expr	go to state 54
	exprval	go to state 5
	assignexpr	go to state 8

State 91:

	arglist -> argelement ',' . arglist	(Rule 17)

	NAME	shift, and go to state 57

	arglist	go to state 101
	argelement	go to state 56

State 92:

	argelement -> NAME '=' . expr	(Rule 15)

	'('	shift, and go to state 11
	'-'	shift, and go to state 1
	'['	shift, and go to state 13
	'{'	shift, and go to state 7
	DATE	shift, and go to state 4
	NAME	shift, and go to state 15
	NUMBER	shift, and go to state 14
	STRING	shift, and go to state 9

	expr	go to state 102
	exprval	go to state 5
	assignexpr	go to state 8

State 93:

	argelement -> NAME 'isa' . NAME '=' expr	(Rule 13)
	argelement -> NAME 'isa' . NAME	(Rule 14)

	NAME	shift, and go to state 103

State 94:

	expr -> NAME '{' arglist '}' . ':=' expr	(Rule 47)
	expr -> NAME '{' arglist '}' . ':=' '{' stma '}'	(Rule 48)

	':='	shift, and go to state 104

State 95:

	exprval -> NAME '|' array '|' .	(Rule 23)
	expr -> NAME '|' array '|' . '=' expr	(Rule 51)

	'='	shift, and go to state 105

	$default	reduce using rule 23 (exprval)

State 96:

	exprval -> NAME '[' array ']' .	(Rule 22)

	$default	reduce using rule 22 (exprval)

State 97:

	exprval -> NAME '|' array . '|'	(Rule 23)

	'|'	shift, and go to state 106

State 98:

	expr -> '{' '|' arglist '|' . expr '}'	(Rule 50)

	'('	shift, and go to state 11
	'-'	shift, and go to state 1
	'['	shift, and go to state 13
	'{'	shift, and go to state 7
	DATE	shift, and go to state 4
	NAME	shift, and go to state 15
	NUMBER	shift, and go to state 14
	STRING	shift, and go to state 9

	expr	go to state 107
	exprval	go to state 5
	assignexpr	go to state 8

State 99:

	expr -> expr '?' expr ':' . expr	(Rule 37)

	'('	shift, and go to state 11
	'-'	shift, and go to state 1
	'['	shift, and go to state 13
	'{'	shift, and go to state 7
	DATE	shift, and go to state 4
	NAME	shift, and go to state 15
	NUMBER	shift, and go to state 14
	STRING	shift, and go to state 9

	expr	go to state 108
	exprval	go to state 5
	assignexpr	go to state 8

State 100:

	array -> expr ',' array .	(Rule 11)

	$default	reduce using rule 11 (array)

State 101:

	arglist -> argelement ',' arglist .	(Rule 17)

	$default	reduce using rule 17 (arglist)

State 102:

	argelement -> NAME '=' expr .	(Rule 15)
	expr -> expr . ' ' expr	(Rule 28)
	expr -> expr . '+' expr	(Rule 29)
	expr -> expr . '-' expr	(Rule 30)
	expr -> expr . '*' expr	(Rule 31)
	expr -> expr . '/' expr	(Rule 32)
	expr -> expr . 'per' expr	(Rule 33)
	expr -> expr . '%' expr	(Rule 34)
	expr -> expr . '^' expr	(Rule 35)
	expr -> expr . '**' expr	(Rule 36)
	expr -> expr . '?' expr ':' expr	(Rule 37)
	expr -> expr . '<' expr	(Rule 38)
	expr -> expr . '>' expr	(Rule 39)
	expr -> expr . '<=' expr	(Rule 40)
	expr -> expr . '>=' expr	(Rule 41)
	expr -> expr . '==' expr	(Rule 42)
	expr -> expr . '<=>' expr	(Rule 43)
	expr -> expr . '!=' expr	(Rule 44)
	expr -> expr . '->' expr	(Rule 52)

	' '	shift, and go to state 41
	'!='	shift, and go to state 45
	'%'	shift, and go to state 37
	'*'	shift, and go to state 42
	'**'	shift, and go to state 35
	'+'	shift, and go to state 36
	'-'	shift, and go to state 33
	'->'	shift, and go to state 48
	'/'	shift, and go to state 49
	'<'	shift, and go to state 34
	'<='	shift, and go to state 50
	'<=>'	shift, and go to state 51
	'=='	shift, and go to state 38
	'>'	shift, and go to state 52
	'>='	shift, and go to state 39
	'?'	shift, and go to state 47
	'^'	shift, and go to state 40
	'per'	shift, and go to state 43

	$default	reduce using rule 15 (argelement)

State 103:

	argelement -> NAME 'isa' NAME . '=' expr	(Rule 13)
	argelement -> NAME 'isa' NAME .	(Rule 14)

	'='	shift, and go to state 109

	$default	reduce using rule 14 (argelement)

State 104:

	expr -> NAME '{' arglist '}' ':=' . expr	(Rule 47)
	expr -> NAME '{' arglist '}' ':=' . '{' stma '}'	(Rule 48)

	'('	shift, and go to state 11
	'-'	shift, and go to state 1
	'['	shift, and go to state 13
	'{'	shift, and go to state 111
	DATE	shift, and go to state 4
	NAME	shift, and go to state 15
	NUMBER	shift, and go to state 14
	STRING	shift, and go to state 9

	expr	go to state 110
	exprval	go to state 5
	assignexpr	go to state 8

State 105:

	expr -> NAME '|' array '|' '=' . expr	(Rule 51)

	'('	shift, and go to state 11
	'-'	shift, and go to state 1
	'['	shift, and go to state 13
	'{'	shift, and go to state 7
	DATE	shift, and go to state 4
	NAME	shift, and go to state 15
	NUMBER	shift, and go to state 14
	STRING	shift, and go to state 9

	expr	go to state 112
	exprval	go to state 5
	assignexpr	go to state 8

State 106:

	exprval -> NAME '|' array '|' .	(Rule 23)

	$default	reduce using rule 23 (exprval)

State 107:

	expr -> expr . ' ' expr	(Rule 28)
	expr -> expr . '+' expr	(Rule 29)
	expr -> expr . '-' expr	(Rule 30)
	expr -> expr . '*' expr	(Rule 31)
	expr -> expr . '/' expr	(Rule 32)
	expr -> expr . 'per' expr	(Rule 33)
	expr -> expr . '%' expr	(Rule 34)
	expr -> expr . '^' expr	(Rule 35)
	expr -> expr . '**' expr	(Rule 36)
	expr -> expr . '?' expr ':' expr	(Rule 37)
	expr -> expr . '<' expr	(Rule 38)
	expr -> expr . '>' expr	(Rule 39)
	expr -> expr . '<=' expr	(Rule 40)
	expr -> expr . '>=' expr	(Rule 41)
	expr -> expr . '==' expr	(Rule 42)
	expr -> expr . '<=>' expr	(Rule 43)
	expr -> expr . '!=' expr	(Rule 44)
	expr -> '{' '|' arglist '|' expr . '}'	(Rule 50)
	expr -> expr . '->' expr	(Rule 52)

	' '	shift, and go to state 41
	'!='	shift, and go to state 45
	'%'	shift, and go to state 37
	'*'	shift, and go to state 42
	'**'	shift, and go to state 35
	'+'	shift, and go to state 36
	'-'	shift, and go to state 33
	'->'	shift, and go to state 48
	'/'	shift, and go to state 49
	'<'	shift, and go to state 34
	'<='	shift, and go to state 50
	'<=>'	shift, and go to state 51
	'=='	shift, and go to state 38
	'>'	shift, and go to state 52
	'>='	shift, and go to state 39
	'?'	shift, and go to state 47
	'^'	shift, and go to state 40
	'per'	shift, and go to state 43
	'}'	shift, and go to state 113

State 108:

	expr -> expr . ' ' expr	(Rule 28)
	expr -> expr . '+' expr	(Rule 29)
	expr -> expr . '-' expr	(Rule 30)
	expr -> expr . '*' expr	(Rule 31)
	expr -> expr . '/' expr	(Rule 32)
	expr -> expr . 'per' expr	(Rule 33)
	expr -> expr . '%' expr	(Rule 34)
	expr -> expr . '^' expr	(Rule 35)
	expr -> expr . '**' expr	(Rule 36)
	expr -> expr . '?' expr ':' expr	(Rule 37)
	expr -> expr '?' expr ':' expr .	(Rule 37)
	expr -> expr . '<' expr	(Rule 38)
	expr -> expr . '>' expr	(Rule 39)
	expr -> expr . '<=' expr	(Rule 40)
	expr -> expr . '>=' expr	(Rule 41)
	expr -> expr . '==' expr	(Rule 42)
	expr -> expr . '<=>' expr	(Rule 43)
	expr -> expr . '!=' expr	(Rule 44)
	expr -> expr . '->' expr	(Rule 52)

	' '	shift, and go to state 41
	'!='	shift, and go to state 45
	'%'	shift, and go to state 37
	'*'	shift, and go to state 42
	'**'	shift, and go to state 35
	'+'	shift, and go to state 36
	'-'	shift, and go to state 33
	'/'	shift, and go to state 49
	'<'	shift, and go to state 34
	'<='	shift, and go to state 50
	'<=>'	shift, and go to state 51
	'=='	shift, and go to state 38
	'>'	shift, and go to state 52
	'>='	shift, and go to state 39
	'?'	shift, and go to state 47
	'^'	shift, and go to state 40
	'per'	shift, and go to state 43

	$default	reduce using rule 37 (expr)

State 109:

	argelement -> NAME 'isa' NAME '=' . expr	(Rule 13)

	'('	shift, and go to state 11
	'-'	shift, and go to state 1
	'['	shift, and go to state 13
	'{'	shift, and go to state 7
	DATE	shift, and go to state 4
	NAME	shift, and go to state 15
	NUMBER	shift, and go to state 14
	STRING	shift, and go to state 9

	expr	go to state 114
	exprval	go to state 5
	assignexpr	go to state 8

State 110:

	expr -> expr . ' ' expr	(Rule 28)
	expr -> expr . '+' expr	(Rule 29)
	expr -> expr . '-' expr	(Rule 30)
	expr -> expr . '*' expr	(Rule 31)
	expr -> expr . '/' expr	(Rule 32)
	expr -> expr . 'per' expr	(Rule 33)
	expr -> expr . '%' expr	(Rule 34)
	expr -> expr . '^' expr	(Rule 35)
	expr -> expr . '**' expr	(Rule 36)
	expr -> expr . '?' expr ':' expr	(Rule 37)
	expr -> expr . '<' expr	(Rule 38)
	expr -> expr . '>' expr	(Rule 39)
	expr -> expr . '<=' expr	(Rule 40)
	expr -> expr . '>=' expr	(Rule 41)
	expr -> expr . '==' expr	(Rule 42)
	expr -> expr . '<=>' expr	(Rule 43)
	expr -> expr . '!=' expr	(Rule 44)
	expr -> NAME '{' arglist '}' ':=' expr .	(Rule 47)
	expr -> expr . '->' expr	(Rule 52)

	' '	shift, and go to state 41
	'!='	shift, and go to state 45
	'%'	shift, and go to state 37
	'*'	shift, and go to state 42
	'**'	shift, and go to state 35
	'+'	shift, and go to state 36
	'-'	shift, and go to state 33
	'->'	shift, and go to state 48
	'/'	shift, and go to state 49
	'<'	shift, and go to state 34
	'<='	shift, and go to state 50
	'<=>'	shift, and go to state 51
	'=='	shift, and go to state 38
	'>'	shift, and go to state 52
	'>='	shift, and go to state 39
	'?'	shift, and go to state 47
	'^'	shift, and go to state 40
	'per'	shift, and go to state 43

	$default	reduce using rule 47 (expr)

State 111:

	expr -> NAME '{' arglist '}' ':=' '{' . stma '}'	(Rule 48)
	expr -> '{' . '|' arglist '|' expr '}'	(Rule 50)

	'('	shift, and go to state 11
	'-'	shift, and go to state 1
	'['	shift, and go to state 13
	'var'	shift, and go to state 6
	'{'	shift, and go to state 7
	'|'	shift, and go to state 30
	DATE	shift, and go to state 4
	NAME	shift, and go to state 2
	NUMBER	shift, and go to state 14
	STRING	shift, and go to state 9

	$default	reduce using rule 1 (stma)

	stmt	go to state 10
	stma	go to state 115
	expr	go to state 12
	exprval	go to state 5
	assignexpr	go to state 8

State 112:

	expr -> expr . ' ' expr	(Rule 28)
	expr -> expr . '+' expr	(Rule 29)
	expr -> expr . '-' expr	(Rule 30)
	expr -> expr . '*' expr	(Rule 31)
	expr -> expr . '/' expr	(Rule 32)
	expr -> expr . 'per' expr	(Rule 33)
	expr -> expr . '%' expr	(Rule 34)
	expr -> expr . '^' expr	(Rule 35)
	expr -> expr . '**' expr	(Rule 36)
	expr -> expr . '?' expr ':' expr	(Rule 37)
	expr -> expr . '<' expr	(Rule 38)
	expr -> expr . '>' expr	(Rule 39)
	expr -> expr . '<=' expr	(Rule 40)
	expr -> expr . '>=' expr	(Rule 41)
	expr -> expr . '==' expr	(Rule 42)
	expr -> expr . '<=>' expr	(Rule 43)
	expr -> expr . '!=' expr	(Rule 44)
	expr -> NAME '|' array '|' '=' expr .	(Rule 51)
	expr -> expr . '->' expr	(Rule 52)

	' '	shift, and go to state 41
	'!='	shift, and go to state 45
	'%'	shift, and go to state 37
	'*'	shift, and go to state 42
	'**'	shift, and go to state 35
	'+'	shift, and go to state 36
	'-'	shift, and go to state 33
	'->'	shift, and go to state 48
	'/'	shift, and go to state 49
	'<'	shift, and go to state 34
	'<='	shift, and go to state 50
	'<=>'	shift, and go to state 51
	'=='	shift, and go to state 38
	'>'	shift, and go to state 52
	'>='	shift, and go to state 39
	'?'	shift, and go to state 47
	'^'	shift, and go to state 40
	'per'	shift, and go to state 43

	$default	reduce using rule 51 (expr)

State 113:

	expr -> '{' '|' arglist '|' expr '}' .	(Rule 50)

	$default	reduce using rule 50 (expr)

State 114:

	argelement -> NAME 'isa' NAME '=' expr .	(Rule 13)
	expr -> expr . ' ' expr	(Rule 28)
	expr -> expr . '+' expr	(Rule 29)
	expr -> expr . '-' expr	(Rule 30)
	expr -> expr . '*' expr	(Rule 31)
	expr -> expr . '/' expr	(Rule 32)
	expr -> expr . 'per' expr	(Rule 33)
	expr -> expr . '%' expr	(Rule 34)
	expr -> expr . '^' expr	(Rule 35)
	expr -> expr . '**' expr	(Rule 36)
	expr -> expr . '?' expr ':' expr	(Rule 37)
	expr -> expr . '<' expr	(Rule 38)
	expr -> expr . '>' expr	(Rule 39)
	expr -> expr . '<=' expr	(Rule 40)
	expr -> expr . '>=' expr	(Rule 41)
	expr -> expr . '==' expr	(Rule 42)
	expr -> expr . '<=>' expr	(Rule 43)
	expr -> expr . '!=' expr	(Rule 44)
	expr -> expr . '->' expr	(Rule 52)

	' '	shift, and go to state 41
	'!='	shift, and go to state 45
	'%'	shift, and go to state 37
	'*'	shift, and go to state 42
	'**'	shift, and go to state 35
	'+'	shift, and go to state 36
	'-'	shift, and go to state 33
	'->'	shift, and go to state 48
	'/'	shift, and go to state 49
	'<'	shift, and go to state 34
	'<='	shift, and go to state 50
	'<=>'	shift, and go to state 51
	'=='	shift, and go to state 38
	'>'	shift, and go to state 52
	'>='	shift, and go to state 39
	'?'	shift, and go to state 47
	'^'	shift, and go to state 40
	'per'	shift, and go to state 43

	$default	reduce using rule 13 (argelement)

State 115:

	expr -> NAME '{' arglist '}' ':=' '{' stma . '}'	(Rule 48)

	'}'	shift, and go to state 116

State 116:

	expr -> NAME '{' arglist '}' ':=' '{' stma '}' .	(Rule 48)

	$default	reduce using rule 48 (expr)


Summary:
--------
Number of rules         : 56
Number of terminals     : 46
Number of non-terminals : 9
Number of states        : 117
