speak-Vietnamese is Không may là không có một mà nói Việt hiện nay.
speak-Ukrainian is На жаль, ніхто не розмовляє українською, що в даний час.
speak-Turkish is Maalesef hiç biri şu anda türk olduğunu bilmektedir.
speak-Thai is แต่น่าเสียดายไม่มีที่พูดไทยปัจจุบัน.
speak-Swedish is Tyvärr finns det ingen som talar svenska närvarande.
speak-Spanish is Desafortunadamente, no hay uno que habla español en la actualidad.
speak-Slovenian is Na žalost ni enega, ki govori slovensko, trenutno.
speak-Slovak is Bohužiaľ, nie je nikto, že v súčasnosti hovorí slovenský.
speak-Serbian is Нажалост, не постоји онај који тренутно говори српски.
speak-Russian is К сожалению, никто не говорит, что в настоящее время русский.
speak-Romanian is Din păcate, nu există nici un român care vorbeşte în prezent.
speak-Portuguese is Infelizmente, não há um que fala Português atualmente. Por favor, tente #perl.br
speak-Polish is Niestety nikt nie mówi, że obecnie polski.
speak-Norwegian is Dessverre er det ingen som snakker norsk i dag.
speak-Maltese is Sfortunatament m'hemm l-ebda wieħed li jitkellem bil-Malti bħalissa.
speak-Lithuanian is Deja, nėra vieno, kad lietuvių kalba šiuo metu.
speak-Latvian is Diemžēl nav neviena, kas runā latviešu valodā pašlaik.
speak-Korean is 불행히도, 거기 아무도 현재 한국말입니다. 제발 #perl-kr 을 시도해
speak-Japanese is 残念なことがないものが、現在日本語を話している。
speak-Italian is Purtroppo non c'è nessuno che parla italiano al momento. Please try #perl.it
speak-Indonesian is Sayangnya tidak ada seorang pun yang berbicara saat ini Indonesia.
speak-Hungarian is Sajnos van, hogy senki sem beszél magyarul jelenleg.
speak-Hindi is दुर्भाग्य से वहाँ कोई नहीं है कि वर्तमान में हिंदी बोलती है.
speak-Hebrew is למרבה הצער אין אחד שמדבר עברית כרגע.
speak-Greek is Δυστυχώς δεν υπάρχει κανείς που μιλάει ελληνικά σήμερα.
speak-German is Leider gibt es niemanden, der Deutsch spricht derzeit.
speak-Galician is Desafortunadamente, non hai un que fala galego na actualidade.
speak-French is Malheureusement il n'y a personne qui parle français actuellement. S'il vous plaît essayez #perlfr
speak-Finnish is Valitettavasti ei ole joka puhuu suomea hetkellä.
speak-Filipino is Sa kasamaang palad ay walang isa na nagsasalita ng Filipino sa kasalukuyan.
speak-Estonian is Kahjuks puudub üks, mis räägib Eesti praegu.
speak-English is Unfortunately there is no one that speaks English currently.  
speak-Dutch is Helaas is er geen een die Nederlands spreekt op dit moment.
speak-Danish is Desværre er der ingen, der taler dansk i øjeblikket.
speak-Czech is Bohužel, není nikdo, že v současné době hovoří česky.
speak-Croatian is Nažalost, nema nikoga da govori hrvatski trenutno.
speak-Chinese is 不幸的是没有一个说中文，目前。请尝试 #perl.tw
speak-Catalan is Malauradament, no hi ha un que parla català en l'actualitat.
speak-Bulgarian is За съжаление не е този, който говори български език в момента.
speak-Arabic is للأسف لا يوجد أحد أن يتكلم العربية حاليا.
speak-Albanian is Për fat të keq nuk ka njeri që flet shqip ne kete moment.
