#
# An unexpected error has been detected by HotSpot Virtual Machine:
#
#  SIGSEGV (0xb) at pc=0x00002b62287c5b3a, pid=2390, tid=47700590540496
#
# Java VM: Java HotSpot(TM) 64-Bit Server VM (1.5.0_14-b03 mixed mode)
# Problematic frame:
# C  [libpthread.so.0+0x8b3a]  pthread_cond_wait+0xaa
#

---------------  T H R E A D  ---------------

Current thread (0x0000000040115a80):  JavaThread "main" [_thread_blocked, id=2390]

siginfo:si_signo=11, si_errno=0, si_code=0, si_addr=0x000003e8000009e2

Registers:
RAX=0xfffffffffffffffc, RBX=0x0000000000000000, RCX=0xffffffffffffffff, RDX=0x0000000000000001
RSP=0x00007fff823fec10, RBP=0x00007fff823fed20, RSI=0x0000000000000000, RDI=0x00002aaaaac0ca64
R8 =0x00000000000007a0, R9 =0x0000000000000000, R10=0x0000000000000000, R11=0x0000000000000202
R12=0x0000000000000001, R13=0x0000000040118428, R14=0x0000000040118450, R15=0x0000000040118310
RIP=0x00002b62287c5b3a, EFL=0x0000000000000202, CSGSFS=0x0000000000000033, ERR=0x0000000000000000
  TRAPNO=0x000000000000000d

Top of Stack: (sp=0x00007fff823fec10)
0x00007fff823fec10:   0000000000000000 00002aaaaac0ca60
0x00007fff823fec20:   0000000040118428 0000000000000000
0x00007fff823fec30:   00002b62287c59f0 00007fff823fec10
0x00007fff823fec40:   00007fff823fecd0 0000000000000000
0x00007fff823fec50:   00000000401183bc 00002b622917dcba
0x00007fff823fec60:   00007fff823fed20 00002b622917db83
0x00007fff823fec70:   0000000040117c18 0000000040115a80
0x00007fff823fec80:   00007fff823feca0 00002b622911d9a3
0x00007fff823fec90:   00000000ffffffff 0000000040115a80
0x00007fff823feca0:   00007fff823fed50 00002b622911ff15
0x00007fff823fecb0:   0000000040115a80 00002b622946e0d0
0x00007fff823fecc0:   00007fff823fed50 000000012911e6e4
0x00007fff823fecd0:   0000000040117bf0 00007fff823feed0
0x00007fff823fece0:   00007fff823fed00 00002b622923b04c
0x00007fff823fecf0:   0000000040115a80 0000000040118400
0x00007fff823fed00:   0000000040115a80 00000000401b4258
0x00007fff823fed10:   0000000040118428 00000000401b4290
0x00007fff823fed20:   00007fff823fee50 00002b6229174225
0x00007fff823fed30:   0000000040117bf0 0000000040118450
0x00007fff823fed40:   00007fff823fedb0 00002b6228e3d3e1
0x00007fff823fed50:   00007fff823fed70 00000000291eb5d6
0x00007fff823fed60:   0000000000000000 00007fff823fedf0
0x00007fff823fed70:   00000001823fed90 0000000000000000
0x00007fff823fed80:   0000000040115a80 00007fff823feda0
0x00007fff823fed90:   00007fff823fede0 00002b622915c4b8
0x00007fff823feda0:   00002b6229444bd0 0000000040117c28
0x00007fff823fedb0:   0000000000000004 000000000000000e
0x00007fff823fedc0:   0000000040115a80 0000000040115a80
0x00007fff823fedd0:   0000000040118310 00002b6200000002
0x00007fff823fede0:   00000000401133e0 00002b6229163fe2
0x00007fff823fedf0:   00007fff823fedf0 00007fff823fedf0
0x00007fff823fee00:   0000000040115a80 0000000000000000 

Instructions: (pc=0x00002b62287c5b3a)
0x00002b62287c5b2a:   48 83 c7 04 48 c7 c0 ca 00 00 00 4c 89 d6 0f 05
0x00002b62287c5b3a:   8b 3c 24 e8 fe 22 00 00 48 8b 7c 24 08 be 01 00 

Stack: [0x00007fff82205000,0x00007fff82405000),  sp=0x00007fff823fec10,  free space=2023k
Native frames: (J=compiled Java code, j=interpreted, Vv=VM code, C=native code)
C  [libpthread.so.0+0x8b3a]  pthread_cond_wait+0xaa
V  [libjvm.so+0x560225]
V  [libjvm.so+0x5fb2b4]
V  [libjvm.so+0x3e66bf]
j  java.lang.Object.wait(J)V+0
j  java.lang.Thread.join(J)V+38
j  java.lang.Thread.join()V+2
j  org.perl.inline.java.InlineJavaServer.RunMainLoop()V+87
j  org.perl.inline.java.InlineJavaServer.main([Ljava/lang/String;)V+83
v  ~StubRoutines::call_stub
V  [libjvm.so+0x385c55]
V  [libjvm.so+0x569ef9]
V  [libjvm.so+0x385a65]
V  [libjvm.so+0x3b33f5]
V  [libjvm.so+0x3a4305]
C  [java+0x1fd6]  strcmp+0x796

Java frames: (J=compiled Java code, j=interpreted, Vv=VM code)
j  java.lang.Object.wait(J)V+0
j  java.lang.Thread.join(J)V+38
j  java.lang.Thread.join()V+2
j  org.perl.inline.java.InlineJavaServer.RunMainLoop()V+87
j  org.perl.inline.java.InlineJavaServer.main([Ljava/lang/String;)V+83
v  ~StubRoutines::call_stub

---------------  P R O C E S S  ---------------

Java Threads: ( => current thread )
  0x00002aaaac13bc10 JavaThread "SIGTERM handler" daemon [_thread_in_vm, id=2524]
  0x00002aaaaac0d220 JavaThread "IJST-#0" [_thread_in_Java, id=2400]
  0x00002aaaaabdee20 JavaThread "Low Memory Detector" daemon [_thread_blocked, id=2398]
  0x00002aaaaabdd280 JavaThread "CompilerThread1" daemon [_thread_blocked, id=2397]
  0x00002aaaaabdbd60 JavaThread "CompilerThread0" daemon [_thread_blocked, id=2396]
  0x00000000401bf990 JavaThread "AdapterThread" daemon [_thread_blocked, id=2395]
  0x00000000401b31c0 JavaThread "Finalizer" daemon [_thread_blocked, id=2393]
  0x00000000401b29e0 JavaThread "Reference Handler" daemon [_thread_blocked, id=2392]
=>0x0000000040115a80 JavaThread "main" [_thread_blocked, id=2390]

Other Threads:
  0x00000000401ae5b0 VMThread [id=2391]

VM state:synchronizing (normal execution)

VM Mutex/Monitor currently owned by a thread:  ([mutex/lock_event])
[0x0000000040114640/0x0000000040114690] Safepoint_lock - owner thread: 0x00000000401ae5b0
[0x00000000401147e0/0x0000000040114830] Threads_lock - owner thread: 0x00000000401ae5b0

Heap
 def new generation   total 7232K, used 4963K [0x00002b6230020000, 0x00002b62307f0000, 0x00002b6231c20000)
  eden space 6464K,  76% used [0x00002b6230020000, 0x00002b62304f8ed8, 0x00002b6230670000)
  from space 768K,   0% used [0x00002b6230730000, 0x00002b6230730000, 0x00002b62307f0000)
  to   space 768K,   0% used [0x00002b6230670000, 0x00002b6230670000, 0x00002b6230730000)
 tenured generation   total 15956K, used 14276K [0x00002b6231c20000, 0x00002b6232bb5000, 0x00002b6235420000)
   the space 15956K,  89% used [0x00002b6231c20000, 0x00002b6232a11230, 0x00002b6232a11400, 0x00002b6232bb5000)
 compacting perm gen  total 21248K, used 8410K [0x00002b6235420000, 0x00002b62368e0000, 0x00002b623a820000)
   the space 21248K,  39% used [0x00002b6235420000, 0x00002b6235c56bb0, 0x00002b6235c56c00, 0x00002b62368e0000)
No shared spaces configured.

Dynamic libraries:
40000000-4000e000 r-xp 00000000 03:01 322861                             /usr/lib/jvm/java-1.5.0-sun-1.5.0.14/jre/bin/java
4010d000-40110000 rwxp 0000d000 03:01 322861                             /usr/lib/jvm/java-1.5.0-sun-1.5.0.14/jre/bin/java
40110000-401c1000 rwxp 40110000 00:00 0                                  [heap]
401c1000-401c2000 ---p 401c1000 00:00 0 
401c2000-402c2000 rwxp 401c2000 00:00 0 
402c2000-402c5000 ---p 402c2000 00:00 0 
402c5000-403c3000 rwxp 402c5000 00:00 0 
403c3000-403c6000 ---p 403c3000 00:00 0 
403c6000-404c4000 rwxp 403c6000 00:00 0 
404c4000-404c7000 rwxp 404c4000 00:00 0 
404c7000-405c5000 rwxp 404c7000 00:00 0 
405c5000-405c8000 ---p 405c5000 00:00 0 
405c8000-406c6000 rwxp 405c8000 00:00 0 
406c6000-406c9000 ---p 406c6000 00:00 0 
406c9000-407c7000 rwxp 406c9000 00:00 0 
407c7000-407ca000 ---p 407c7000 00:00 0 
407ca000-408c8000 rwxp 407ca000 00:00 0 
408c8000-408cb000 ---p 408c8000 00:00 0 
408cb000-409c9000 rwxp 408cb000 00:00 0 
409c9000-409ca000 ---p 409c9000 00:00 0 
409ca000-40aca000 rwxp 409ca000 00:00 0 
40aca000-40acd000 ---p 40aca000 00:00 0 
40acd000-40bcb000 rwxp 40acd000 00:00 0 
40bcb000-40bce000 ---p 40bcb000 00:00 0 
40bce000-40ccc000 rwxp 40bce000 00:00 0 
2aaaaaaab000-2aaaaabd3000 r-xp 00000000 03:01 274911                     /usr/lib/locale/locale-archive
2aaaaabd3000-2aaaaacd3000 rwxp 2aaaaabd3000 00:00 0 
2aaaaacd3000-2aaaaad99000 r-xs 00000000 03:01 323002                     /usr/lib/jvm/java-1.5.0-sun-1.5.0.14/jre/lib/ext/localedata.jar
2aaaaad99000-2aaaaadc0000 r-xs 00000000 03:01 323000                     /usr/lib/jvm/java-1.5.0-sun-1.5.0.14/jre/lib/ext/sunjce_provider.jar
2aaaaadc0000-2aaaaadc3000 r-xs 00000000 03:01 323001                     /usr/lib/jvm/java-1.5.0-sun-1.5.0.14/jre/lib/ext/dnsns.jar
2aaaaadc3000-2aaaaadee000 r-xs 00000000 03:01 322877                     /usr/lib/jvm/java-1.5.0-sun-1.5.0.14/jre/lib/ext/sunpkcs11.jar
2aaaaadee000-2aaaaadfb000 r-xs 00000000 03:01 305751                     /usr/local/lib/perl/5.8.8/Inline/Java/InlineJavaServer.jar
2aaaaadfb000-2aaaaae0d000 r-xp 00000000 03:01 322882                     /usr/lib/jvm/java-1.5.0-sun-1.5.0.14/jre/lib/amd64/libnet.so
2aaaaae0d000-2aaaaaf0c000 ---p 00012000 03:01 322882                     /usr/lib/jvm/java-1.5.0-sun-1.5.0.14/jre/lib/amd64/libnet.so
2aaaaaf0c000-2aaaaaf0f000 rwxp 00011000 03:01 322882                     /usr/lib/jvm/java-1.5.0-sun-1.5.0.14/jre/lib/amd64/libnet.so
2aaaaaf0f000-2aaaaaf10000 r-xs 00000000 03:01 305750                     /usr/local/lib/perl/5.8.8/Inline/Java/InlineJavaUser.jar
2aaaaaf10000-2aaaaafc7000 r-xs 00000000 03:01 80165                      /home/frink/frinkbot/frink.jar
2aaaaafc7000-2aaaab4c7000 rwxp 2aaaaafc7000 00:00 0 
2aaaab500000-2aaaab596000 rwxp 2aaaab500000 00:00 0 
2aaaab596000-2aaaab600000 ---p 2aaaab596000 00:00 0 
2aaaab6fa000-2aaaabffa000 rwxp 2aaaab6fa000 00:00 0 
2aaaac03c000-2aaaac13c000 rwxp 2aaaac03c000 00:00 0 
2aaaac173000-2aaaac573000 rwxp 2aaaac173000 00:00 0 
2aaaac573000-2aaaac577000 r-xp 00000000 03:01 64142                      /lib/libnss_dns-2.3.6.so
2aaaac577000-2aaaac676000 ---p 00004000 03:01 64142                      /lib/libnss_dns-2.3.6.so
2aaaac676000-2aaaac678000 rwxp 00003000 03:01 64142                      /lib/libnss_dns-2.3.6.so
2aaaac68f000-2aaaac78f000 rwxp 2aaaac68f000 00:00 0 
2aaaac78f000-2aaaac7a0000 r-xp 00000000 03:01 64156                      /lib/libresolv-2.3.6.so
2aaaac7a0000-2aaaac8a0000 ---p 00011000 03:01 64156                      /lib/libresolv-2.3.6.so
2aaaac8a0000-2aaaac8a2000 rwxp 00011000 03:01 64156                      /lib/libresolv-2.3.6.so
2aaaac8a2000-2aaaac8a4000 rwxp 2aaaac8a2000 00:00 0 
2aaaac980000-2aaaace80000 rwxp 2aaaac980000 00:00 0 
2aaaaceed000-2aaaacfed000 rwxp 2aaaaceed000 00:00 0 
2aaaad0de000-2aaaad1de000 rwxp 2aaaad0de000 00:00 0 
2aaaad34c000-2aaaad94c000 rwxp 2aaaad34c000 00:00 0 
2aaaada95000-2aaaadd95000 rwxp 2aaaada95000 00:00 0 
2aaaadf9c000-2aaaae09c000 rwxp 2aaaadf9c000 00:00 0 
2b62286a5000-2b62286bc000 r-xp 00000000 03:01 64152                      /lib/ld-2.3.6.so
2b62286bc000-2b62286be000 rwxp 2b62286bc000 00:00 0 
2b62287bb000-2b62287bd000 rwxp 00016000 03:01 64152                      /lib/ld-2.3.6.so
2b62287bd000-2b62287cd000 r-xp 00000000 03:01 64163                      /lib/libpthread-2.3.6.so
2b62287cd000-2b62288cc000 ---p 00010000 03:01 64163                      /lib/libpthread-2.3.6.so
2b62288cc000-2b62288ce000 rwxp 0000f000 03:01 64163                      /lib/libpthread-2.3.6.so
2b62288ce000-2b62288d2000 rwxp 2b62288ce000 00:00 0 
2b62288d2000-2b62288d4000 r-xp 00000000 03:01 64155                      /lib/libdl-2.3.6.so
2b62288d4000-2b62289d3000 ---p 00002000 03:01 64155                      /lib/libdl-2.3.6.so
2b62289d3000-2b62289d5000 rwxp 00001000 03:01 64155                      /lib/libdl-2.3.6.so
2b62289d5000-2b62289d6000 rwxp 2b62289d5000 00:00 0 
2b62289d6000-2b6228af7000 r-xp 00000000 03:01 64164                      /lib/libc-2.3.6.so
2b6228af7000-2b6228bf7000 ---p 00121000 03:01 64164                      /lib/libc-2.3.6.so
2b6228bf7000-2b6228c0c000 r-xp 00121000 03:01 64164                      /lib/libc-2.3.6.so
2b6228c0c000-2b6228c0f000 rwxp 00136000 03:01 64164                      /lib/libc-2.3.6.so
2b6228c0f000-2b6228c14000 rwxp 2b6228c0f000 00:00 0 
2b6228c14000-2b62292eb000 r-xp 00000000 03:01 322907                     /usr/lib/jvm/java-1.5.0-sun-1.5.0.14/jre/lib/amd64/server/libjvm.so
2b62292eb000-2b62293ec000 ---p 006d7000 03:01 322907                     /usr/lib/jvm/java-1.5.0-sun-1.5.0.14/jre/lib/amd64/server/libjvm.so
2b62293ec000-2b6229567000 rwxp 006d8000 03:01 322907                     /usr/lib/jvm/java-1.5.0-sun-1.5.0.14/jre/lib/amd64/server/libjvm.so
2b6229567000-2b6229597000 rwxp 2b6229567000 00:00 0 
2b6229597000-2b6229598000 ---p 2b6229597000 00:00 0 
2b6229598000-2b6229599000 rwxp 2b6229598000 00:00 0 
2b622959b000-2b622961c000 r-xp 00000000 03:01 64166                      /lib/libm-2.3.6.so
2b622961c000-2b622971b000 ---p 00081000 03:01 64166                      /lib/libm-2.3.6.so
2b622971b000-2b622971d000 rwxp 00080000 03:01 64166                      /lib/libm-2.3.6.so
2b622971d000-2b6229724000 r-xp 00000000 03:01 322893                     /usr/lib/jvm/java-1.5.0-sun-1.5.0.14/jre/lib/amd64/native_threads/libhpi.so
2b6229724000-2b6229825000 ---p 00007000 03:01 322893                     /usr/lib/jvm/java-1.5.0-sun-1.5.0.14/jre/lib/amd64/native_threads/libhpi.so
2b6229825000-2b6229828000 rwxp 00008000 03:01 322893                     /usr/lib/jvm/java-1.5.0-sun-1.5.0.14/jre/lib/amd64/native_threads/libhpi.so
2b622982c000-2b6229840000 r-xp 00000000 03:01 64144                      /lib/libnsl-2.3.6.so
2b6229840000-2b622993f000 ---p 00014000 03:01 64144                      /lib/libnsl-2.3.6.so
2b622993f000-2b6229941000 rwxp 00013000 03:01 64144                      /lib/libnsl-2.3.6.so
2b6229941000-2b6229943000 rwxp 2b6229941000 00:00 0 
2b6229943000-2b622994a000 r-xp 00000000 03:01 64143                      /lib/libnss_compat-2.3.6.so
2b622994a000-2b6229a4a000 ---p 00007000 03:01 64143                      /lib/libnss_compat-2.3.6.so
2b6229a4a000-2b6229a4c000 rwxp 00007000 03:01 64143                      /lib/libnss_compat-2.3.6.so
2b6229a4c000-2b6229a55000 r-xp 00000000 03:01 64167                      /lib/libnss_nis-2.3.6.so
2b6229a55000-2b6229b55000 ---p 00009000 03:01 64167                      /lib/libnss_nis-2.3.6.so
2b6229b55000-2b6229b57000 rwxp 00009000 03:01 64167                      /lib/libnss_nis-2.3.6.so
2b6229b57000-2b6229b61000 r-xp 00000000 03:01 64161                      /lib/libnss_files-2.3.6.so
2b6229b61000-2b6229c60000 ---p 0000a000 03:01 64161                      /lib/libnss_files-2.3.6.so
2b6229c60000-2b6229c62000 rwxp 00009000 03:01 64161                      /lib/libnss_files-2.3.6.so
2b6229c62000-2b6229c6a000 rwxs 00000000 03:01 306202                     /tmp/hsperfdata_frink/2390
2b6229c6a000-2b6229c77000 r-xp 00000000 03:01 322885                     /usr/lib/jvm/java-1.5.0-sun-1.5.0.14/jre/lib/amd64/libverify.so
2b6229c77000-2b6229d76000 ---p 0000d000 03:01 322885                     /usr/lib/jvm/java-1.5.0-sun-1.5.0.14/jre/lib/amd64/libverify.so
2b6229d76000-2b6229d79000 rwxp 0000c000 03:01 322885                     /usr/lib/jvm/java-1.5.0-sun-1.5.0.14/jre/lib/amd64/libverify.so
2b6229d79000-2b6229d9d000 r-xp 00000000 03:01 322902                     /usr/lib/jvm/java-1.5.0-sun-1.5.0.14/jre/lib/amd64/libjava.so
2b6229d9d000-2b6229e9d000 ---p 00024000 03:01 322902                     /usr/lib/jvm/java-1.5.0-sun-1.5.0.14/jre/lib/amd64/libjava.so
2b6229e9d000-2b6229ea3000 rwxp 00024000 03:01 322902                     /usr/lib/jvm/java-1.5.0-sun-1.5.0.14/jre/lib/amd64/libjava.so
2b6229ea3000-2b6229eb1000 r-xp 00000000 03:01 322891                     /usr/lib/jvm/java-1.5.0-sun-1.5.0.14/jre/lib/amd64/libzip.so
2b6229eb1000-2b6229fb3000 ---p 0000e000 03:01 322891                     /usr/lib/jvm/java-1.5.0-sun-1.5.0.14/jre/lib/amd64/libzip.so
2b6229fb3000-2b6229fb7000 rwxp 00010000 03:01 322891                     /usr/lib/jvm/java-1.5.0-sun-1.5.0.14/jre/lib/amd64/libzip.so
2b6229fb7000-2b622c5e1000 r-xs 00000000 03:01 322954                     /usr/lib/jvm/java-1.5.0-sun-1.5.0.14/jre/lib/rt.jar
2b622c5e1000-2b622c64a000 rwxp 2b622c5e1000 00:00 0 
2b622c64a000-2b622c6cf000 r-xs 00000000 03:01 322999                     /usr/lib/jvm/java-1.5.0-sun-1.5.0.14/jre/lib/jsse.jar
2b622c6cf000-2b622c6e4000 r-xs 00000000 03:01 323003                     /usr/lib/jvm/java-1.5.0-sun-1.5.0.14/jre/lib/jce.jar
2b622c6e4000-2b622cf53000 r-xs 00000000 03:01 323008                     /usr/lib/jvm/java-1.5.0-sun-1.5.0.14/jre/lib/charsets.jar
2b622cf53000-2b622d1c3000 rwxp 2b622cf53000 00:00 0 
2b622d1c3000-2b622ff53000 rwxp 2b622d1c3000 00:00 0 
2b622ff53000-2b622ff5d000 rwxp 2b622ff53000 00:00 0 
2b622ff5d000-2b6230013000 rwxp 2b622ff5d000 00:00 0 
2b6230020000-2b62307f0000 rwxp 2b6230020000 00:00 0 
2b62307f0000-2b6231c20000 rwxp 2b62307f0000 00:00 0 
2b6231c20000-2b6232bb5000 rwxp 2b6231c20000 00:00 0 
2b6232bb5000-2b6235420000 rwxp 2b6232bb5000 00:00 0 
2b6235420000-2b62368e0000 rwxp 2b6235420000 00:00 0 
2b62368e0000-2b623a820000 rwxp 2b62368e0000 00:00 0 
2b623a820000-2b623a824000 rwxp 2b623a820000 00:00 0 
2b623a824000-2b623a82e000 rwxp 2b623a824000 00:00 0 
2b623a82e000-2b623a836000 rwxp 2b623a82e000 00:00 0 
2b623a836000-2b623a84a000 rwxp 2b623a836000 00:00 0 
2b623a84a000-2b623a855000 rwxp 2b623a84a000 00:00 0 
2b623a855000-2b623a874000 rwxp 2b623a855000 00:00 0 
2b623a874000-2b623a87d000 rwxp 2b623a874000 00:00 0 
2b623a87d000-2b623a892000 rwxp 2b623a87d000 00:00 0 
2b623a892000-2b623a89d000 rwxp 2b623a892000 00:00 0 
2b623a89d000-2b623a8bd000 rwxp 2b623a89d000 00:00 0 
2b623a8bd000-2b623a8e5000 rwxp 2b623a8bd000 00:00 0 
7fff82205000-7fff82208000 ---p 7fff82205000 00:00 0 
7fff82208000-7fff82405000 rwxp 7fff82208000 00:00 0                      [stack]
ffffffffff600000-ffffffffffe00000 ---p 00000000 00:00 0                  [vdso]

VM Arguments:
java_command: org.perl.inline.java.InlineJavaServer 0 localhost 4659 false false false
Launcher Type: SUN_STANDARD

Environment Variables:
CLASSPATH=/usr/local/lib/perl/5.8.8/Inline/Java/InlineJavaServer.jar
PATH=/usr/local/bin:/usr/bin:/bin:/usr/games
LD_LIBRARY_PATH=/usr/lib/jvm/java-1.5.0-sun-1.5.0.14/jre/lib/amd64/server:/usr/lib/jvm/java-1.5.0-sun-1.5.0.14/jre/lib/amd64:/usr/lib/jvm/java-1.5.0-sun-1.5.0.14/jre/../lib/amd64
SHELL=/bin/bash

Signal Handlers:
SIGSEGV: [libjvm.so+0x6623d0], sa_mask[0]=0x7ffbfeff, sa_flags=0x14000004
SIGBUS: [libjvm.so+0x6623d0], sa_mask[0]=0x7ffbfeff, sa_flags=0x14000004
SIGFPE: [libjvm.so+0x569160], sa_mask[0]=0x7ffbfeff, sa_flags=0x14000004
SIGPIPE: [libjvm.so+0x569160], sa_mask[0]=0x7ffbfeff, sa_flags=0x14000004
SIGILL: [libjvm.so+0x569160], sa_mask[0]=0x7ffbfeff, sa_flags=0x14000004
SIGUSR1: SIG_DFL, sa_mask[0]=0x00000000, sa_flags=0x00000000
SIGUSR2: [libjvm.so+0x56b010], sa_mask[0]=0x00000000, sa_flags=0x14000004
SIGHUP: [libjvm.so+0x56aae0], sa_mask[0]=0x7ffbfeff, sa_flags=0x14000004
SIGINT: [libjvm.so+0x56aae0], sa_mask[0]=0x7ffbfeff, sa_flags=0x14000004
SIGQUIT: [libjvm.so+0x56aae0], sa_mask[0]=0x7ffbfeff, sa_flags=0x14000004
SIGTERM: [libjvm.so+0x56aae0], sa_mask[0]=0x7ffbfeff, sa_flags=0x14000004


---------------  S Y S T E M  ---------------

OS:4.0

uname:Linux 2.6.18-6-amd64 #1 SMP Tue Aug 19 04:30:56 UTC 2008 x86_64
libc:glibc 2.3.6 NPTL 2.3.6 
rlimit: STACK 8192k, CORE 0k, NPROC infinity, NOFILE 1024, AS infinity
load average:2.23 2.03 1.79

CPU:total 1 amd64

Memory: 4k page, physical 124720k(11788k free), swap 192740k(66296k free)

vm_info: Java HotSpot(TM) 64-Bit Server VM (1.5.0_14-b03) for linux-amd64, built on Oct  5 2007 00:45:04 by uucp with gcc 3.2.2 (SuSE Linux)

